[Licensing::Module] Trying to connect to existing licensing client channel...
Built from '6000.3/staging' branch; Version is '6000.3.3f1 (ef04196de0d6) revision 15664153'; Using compiler version '194234433'; Build Type 'Release'
OS: 'Windows 10  (10.0.19045) 64bit Core' Language: 'en' Physical Memory: 16004 MB
[Licensing::IpcConnector] Successfully connected to: "LicenseClient-ARKbTifLlQE2JTixqdoki" at "2026-01-10T17:57:51.4662628Z"
BatchMode: 1, IsHumanControllingUs: 0, StartBugReporterOnCrash: 0, Is64bit: 1
Date: 2026-01-10T17:57:51Z
[Licensing::Client] Code 10 while verifying Licensing Client signature (process Id: 26568, path: "C:/Program Files/Unity Hub/UnityLicensingClient_V1/Unity.Licensing.Client.exe")
[Licensing::Module] LicensingClient has failed validation; ignoring
[Licensing::Client] Error: HandshakeResponse reported an error:
	ResponseCode: 505
	ResponseStatus: Unsupported protocol version '1.17.4'.
[Licensing::Module] Error: Failed to handshake to channel: "LicenseClient-ARKbTifLlQE2JTixqdoki"
[Licensing::IpcConnector] LicenseClient-ARKbTifLlQE2JTixqdoki channel disconnected successfully.
[Licensing::IpcConnector] Successfully connected to: "LicenseClient-Hopic-6000.3.3" at "2026-01-10T17:57:51.5316954Z"

COMMAND LINE ARGUMENTS:
C:\Program Files\Unity\Hub\Editor\6000.3.3f1\Editor\Unity.exe
-adb2
-batchMode
-noUpm
-name
AssetImportWorker10
-projectPath
E:/unity/maturitniprace/active/devGame
-logFile
Logs/AssetImportWorker10.log
-srvPort
54281
-licensingIpc
LicenseClient-ARKbTifLlQE2JTixqdoki
-job-worker-count
7
-background-job-worker-count
8
-gc-helper-count
1
-name
AssetImport
Successfully changed project path to: E:/unity/maturitniprace/active/devGame
E:/unity/maturitniprace/active/devGame
[UnityMemory] Configuration Parameters - Can be set up in boot.config
    "memorysetup-temp-allocator-size-nav-mesh-worker=65536"
    "memorysetup-temp-allocator-size-audio-worker=65536"
    "memorysetup-temp-allocator-size-gfx=262144"
    "memorysetup-allocator-temp-initial-block-size-main=262144"
    "memorysetup-allocator-temp-initial-block-size-worker=262144"
    "memorysetup-temp-allocator-size-background-worker=32768"
    "memorysetup-temp-allocator-size-job-worker=262144"
    "memorysetup-temp-allocator-size-preload-manager=33554432"
    "memorysetup-temp-allocator-size-gi-baking-worker=262144"
    "memorysetup-temp-allocator-size-gi-baking-worker=262144"
    "memorysetup-temp-allocator-size-gi-baking-worker=262144"
    "memorysetup-temp-allocator-size-gi-baking-worker=262144"
    "memorysetup-temp-allocator-size-gi-baking-worker=262144"
    "memorysetup-bucket-allocator-granularity=16"
    "memorysetup-bucket-allocator-bucket-count=8"
    "memorysetup-bucket-allocator-block-size=33554432"
    "memorysetup-bucket-allocator-block-count=8"
    "memorysetup-main-allocator-block-size=16777216"
    "memorysetup-thread-allocator-block-size=16777216"
    "memorysetup-gfx-main-allocator-block-size=16777216"
    "memorysetup-gfx-thread-allocator-block-size=16777216"
    "memorysetup-cache-allocator-block-size=4194304"
    "memorysetup-typetree-allocator-block-size=2097152"
    "memorysetup-profiler-bucket-allocator-granularity=16"
    "memorysetup-profiler-bucket-allocator-bucket-count=8"
    "memorysetup-profiler-bucket-allocator-block-size=33554432"
    "memorysetup-profiler-bucket-allocator-block-count=8"
    "memorysetup-profiler-allocator-block-size=16777216"
    "memorysetup-profiler-editor-allocator-block-size=1048576"
    "memorysetup-temp-allocator-size-main=16777216"
    "memorysetup-job-temp-allocator-block-size=2097152"
    "memorysetup-job-temp-allocator-block-size-background=1048576"
    "memorysetup-job-temp-allocator-reduction-small-platforms=262144"
    "memorysetup-temp-allocator-size-cloud-worker=32768"
Player connection [31460]  Target information:

Player connection [31460]  * "[IP] 192.168.56.1 [Port] 0 [Flags] 2 [Guid] 4099859955 [EditorId] 4099859955 [Version] 1048832 [Id] WindowsEditor(7,DESKTOP-HOPICEKCZ) [Debug] 1 [PackageName] WindowsEditor [ProjectName] Editor" 

Player connection [31460]  * "[IP] 26.18.104.236 [Port] 0 [Flags] 2 [Guid] 4099859955 [EditorId] 4099859955 [Version] 1048832 [Id] WindowsEditor(7,DESKTOP-HOPICEKCZ) [Debug] 1 [PackageName] WindowsEditor [ProjectName] Editor" 

Player connection [31460]  * "[IP] 10.0.1.28 [Port] 0 [Flags] 2 [Guid] 4099859955 [EditorId] 4099859955 [Version] 1048832 [Id] WindowsEditor(7,DESKTOP-HOPICEKCZ) [Debug] 1 [PackageName] WindowsEditor [ProjectName] Editor" 

Player connection [31460] Host joined multi-casting on [225.0.0.222:54997]...
Player connection [31460] Host joined alternative multi-casting on [225.0.0.222:34997]...
JobSystem: Creating JobQueue using job-worker-count value 7
Input System module state changed to: Initialized.
[Physics::Module] Initialized fallback backend.
[Physics::Module] Id: 0xdecafbad
Library Redirect Path: Library/
[Physics::Module] Selected backend.
[Physics::Module] Name: PhysX
[Physics::Module] Id: 0xf2b8ea05
[Physics::Module] SDK Version: 4.1.2
[Physics::Module] Integration Version: 1.0.0
[Physics::Module] Threading Mode: Multi-Threaded
Refreshing native plugins compatible for Editor in 6.62 ms, found 2 plugins.
Preloading 0 native plugins for Editor in 0.00 ms.
Initialize engine version: 6000.3.3f1 (ef04196de0d6)
[Subsystems] Discovering subsystems at path C:/Program Files/Unity/Hub/Editor/6000.3.3f1/Editor/Data/Resources/UnitySubsystems
[Subsystems] Discovering subsystems at path E:/unity/maturitniprace/active/devGame/Assets
GfxDevice: creating device client; kGfxThreadingModeNonThreaded
Direct3D:
    Version:  Direct3D 11.0 [level 11.1]
    Renderer: NVIDIA GeForce RTX 3060 Laptop GPU (ID=0x2520)
    Vendor:   NVIDIA
    VRAM:     5994 MB
    Driver:   32.0.15.9174
Shader 'WFX/Transparent Diffuse': fallback shader 'Particles/Alpha Blended' not found
Shader 'WFX/Transparent Specular': fallback shader 'Particles/Alpha Blended' not found
Initialize mono
Mono path[0] = 'C:/Program Files/Unity/Hub/Editor/6000.3.3f1/Editor/Data/Managed'
Mono path[1] = 'C:/Program Files/Unity/Hub/Editor/6000.3.3f1/Editor/Data/MonoBleedingEdge/lib/mono/unityjit-win32'
Mono config path = 'C:/Program Files/Unity/Hub/Editor/6000.3.3f1/Editor/Data/MonoBleedingEdge/etc'
Using monoOptions --debugger-agent=transport=dt_socket,embedding=1,server=y,suspend=n,address=127.0.0.1:56388
Begin MonoManager ReloadAssembly
Registering precompiled unity dll's ...
Register platform support module: C:/Program Files/Unity/Hub/Editor/6000.3.3f1/Editor/Data/PlaybackEngines/WindowsStandaloneSupport/UnityEditor.WindowsStandalone.Extensions.dll
Registered in 0.007458 seconds.
- Loaded All Assemblies, in  0.980 seconds
Native extension for WindowsStandalone target not found
[Licensing::Client] Handshaking with LicensingClient:
  Version:                 1.17.4+4293ba1
  Session Id:              2224f449e01a4c60aa5b0c6c6b49a9db
  Correlation Id:          1ee867c841f10436beab1d7f1c263aae
  External correlation Id: 6373552002984961749
  Machine Id:              4VB2xDT1CV9zqVbIIZWsGa/FyKA=
[Licensing::Module] Successfully connected to LicensingClient on channel: "LicenseClient-Hopic-6000.3.3" (connect: 0.00s, validation: 0.00s, handshake: 2.54s)
[Licensing::IpcConnector] Successfully connected to: "LicenseClient-Hopic-6000.3.3-notifications" at "2026-01-10T17:57:54.0756899Z"
[Licensing::Module] Licensing Background thread has ended after 2.61s
Mono: successfully reloaded assembly
- Finished resetting the current domain, in  0.927 seconds
Domain Reload Profiling: 1889ms
	BeginReloadAssembly (362ms)
		ExecutionOrderSort (0ms)
		DisableScriptedObjects (0ms)
		BackupInstance (0ms)
		ReleaseScriptingObjects (0ms)
		CreateAndSetChildDomain (1ms)
	RebuildCommonClasses (86ms)
	RebuildNativeTypeToScriptingClass (38ms)
	initialDomainReloadingComplete (108ms)
	LoadAllAssembliesAndSetupDomain (368ms)
		LoadAssemblies (349ms)
		RebuildTransferFunctionScriptingTraits (0ms)
		AnalyzeDomain (364ms)
			TypeCache.Refresh (342ms)
				TypeCache.ScanAssembly (322ms)
			BuildScriptInfoCaches (0ms)
			ResolveRequiredComponents (1ms)
	FinalizeReload (927ms)
		ReleaseScriptCaches (0ms)
		RebuildScriptCaches (0ms)
		SetupLoadedEditorAssemblies (841ms)
			LogAssemblyErrors (0ms)
			InitializePlatformSupportModulesInManaged (120ms)
			SetLoadedEditorAssemblies (4ms)
			BeforeProcessingInitializeOnLoad (315ms)
			ProcessInitializeOnLoadAttributes (293ms)
			ProcessInitializeOnLoadMethodAttributes (109ms)
			AfterProcessingInitializeOnLoad (0ms)
			EditorAssembliesLoaded (0ms)
		ExecutionOrderSort2 (0ms)
		AwakeInstancesAfterBackupRestoration (0ms)
========================================================================
Worker process is ready to serve import requests
Import Worker Mode flag is 0x00
Begin MonoManager ReloadAssembly
[Licensing::Client] Successfully resolved entitlement details
[Licensing::Module] License group:
  Id: F4-W4H8-9NJQ-FYFT-38SD-XXXX
  Product: Unity Personal
  Type: ULF
  Expiration: Unlimited
[Licensing::Module] License group:
  Id: 7971629442671-UnityPersXXXX
  Product: Unity Personal
  Type: Assigned
  Expiration: Unlimited
Symbol file LoadedFromMemory is not a mono symbol file
- Loaded All Assemblies, in  1.165 seconds
Refreshing native plugins compatible for Editor in 6.31 ms, found 2 plugins.
Native extension for WindowsStandalone target not found
Package Manager log level set to [2]
[Package Manager] Failed to launch server process. Reason: Unity was launched with the -noUpm command-line argument
[Package Manager] Unable to send message (not connected to server process).
[Package Manager] Cannot connect to Unity Package Manager local server
Refreshing native plugins compatible for Editor in 6.93 ms, found 2 plugins.
Mono: successfully reloaded assembly
- Finished resetting the current domain, in  1.259 seconds
Domain Reload Profiling: 2417ms
	BeginReloadAssembly (262ms)
		ExecutionOrderSort (0ms)
		DisableScriptedObjects (7ms)
		BackupInstance (0ms)
		ReleaseScriptingObjects (0ms)
		CreateAndSetChildDomain (40ms)
	RebuildCommonClasses (56ms)
	RebuildNativeTypeToScriptingClass (20ms)
	initialDomainReloadingComplete (61ms)
	LoadAllAssembliesAndSetupDomain (759ms)
		LoadAssemblies (573ms)
		RebuildTransferFunctionScriptingTraits (0ms)
		AnalyzeDomain (341ms)
			TypeCache.Refresh (247ms)
				TypeCache.ScanAssembly (225ms)
			BuildScriptInfoCaches (75ms)
			ResolveRequiredComponents (13ms)
	FinalizeReload (1260ms)
		ReleaseScriptCaches (0ms)
		RebuildScriptCaches (0ms)
		SetupLoadedEditorAssemblies (1001ms)
			LogAssemblyErrors (0ms)
			InitializePlatformSupportModulesInManaged (2ms)
			SetLoadedEditorAssemblies (5ms)
			BeforeProcessingInitializeOnLoad (206ms)
			ProcessInitializeOnLoadAttributes (479ms)
			ProcessInitializeOnLoadMethodAttributes (293ms)
			AfterProcessingInitializeOnLoad (16ms)
			EditorAssembliesLoaded (0ms)
		ExecutionOrderSort2 (0ms)
		AwakeInstancesAfterBackupRestoration (15ms)
Shader 'WFX/Transparent Diffuse': fallback shader 'Particles/Alpha Blended' not found
Shader 'WFX/Transparent Specular': fallback shader 'Particles/Alpha Blended' not found
Launched and connected shader compiler UnityShaderCompiler.exe after 0.02 seconds
Refreshing native plugins compatible for Editor in 8.48 ms, found 2 plugins.
Preloading 0 native plugins for Editor in 0.00 ms.
Unloading 17 Unused Serialized files (Serialized files now loaded: 0)
Unloading 6088 unused Assets / (4.3 MB). Loaded Objects now: 6870.
Memory consumption went from 154.5 MB to 150.2 MB.
Total: 17.023000 ms (FindLiveObjects: 1.019300 ms CreateObjectMapping: 0.529800 ms MarkObjects: 12.383600 ms  DeleteObjects: 3.088800 ms)

========================================================================
Received Import Request.
  Time since last request: 272885.524065 seconds.
  path: Assets/Game/Animations/NPC/Female/Combat/2H/HumanF@Attack2H01.fbx
  artifactKey: Guid(48fa84abc2c3a744e8561044d83beb93) Importer(2089858483,b0f066a214c2f5e87bad3c948f4d605d)
Start importing Assets/Game/Animations/NPC/Female/Combat/2H/HumanF@Attack2H01.fbx using Guid(48fa84abc2c3a744e8561044d83beb93) Importer(2089858483,b0f066a214c2f5e87bad3c948f4d605d) (ScriptedImporter) -> (artifact id: '78aefd7b6d2b7de7c7c3bbb59042e7b3') in 0.1608123 seconds
Number of updated asset objects reloaded before import = 0Number of asset objects unloaded after import = 120

========================================================================
Received Import Request.
  Time since last request: 0.293332 seconds.
  path: Assets/Game/AI/Human Animations/Unity Demo Scenes/Human Melee Animations/AnimatorControllers/Male/2H/HumanM@Run_ForwardLeft - 2H.controller
  artifactKey: Guid(995937cb19a9254419c1fd5b2a6af694) Importer(2089858483,b0f066a214c2f5e87bad3c948f4d605d)
Start importing Assets/Game/AI/Human Animations/Unity Demo Scenes/Human Melee Animations/AnimatorControllers/Male/2H/HumanM@Run_ForwardLeft - 2H.controller using Guid(995937cb19a9254419c1fd5b2a6af694) Importer(2089858483,b0f066a214c2f5e87bad3c948f4d605d) (ScriptedImporter) -> (artifact id: '09f8b641d3d73c622937408b21aa25d0') in 0.0104037 seconds
Number of updated asset objects reloaded before import = 0Number of asset objects unloaded after import = 8

========================================================================
Received Import Request.
  Time since last request: 0.436949 seconds.
  path: Assets/Game/Animations/NPC/Female/Movement/Strafe/StrafeRun/RootMotion/HumanF@StrafeRun01_ForwardLeft [RM].fbx
  artifactKey: Guid(6fc6fe2ce0c08bb449d420f7653ed173) Importer(2089858483,b0f066a214c2f5e87bad3c948f4d605d)
Start importing Assets/Game/Animations/NPC/Female/Movement/Strafe/StrafeRun/RootMotion/HumanF@StrafeRun01_ForwardLeft [RM].fbx using Guid(6fc6fe2ce0c08bb449d420f7653ed173) Importer(2089858483,b0f066a214c2f5e87bad3c948f4d605d) (ScriptedImporter) -> (artifact id: '1bd9e861006d480e17411a3a0f295ced') in 0.0158964 seconds
Number of updated asset objects reloaded before import = 0Number of asset objects unloaded after import = 120

========================================================================
Received Import Request.
  Time since last request: 0.551450 seconds.
  path: Assets/Game/AI/Human Animations/Unity Demo Scenes/Human Melee Animations/AnimatorControllers/Female/Polearm/HumanF@Run_Forward - Polearm.overrideController
  artifactKey: Guid(99b5d57ce69490a4289aaba337fb6784) Importer(2089858483,b0f066a214c2f5e87bad3c948f4d605d)
Start importing Assets/Game/AI/Human Animations/Unity Demo Scenes/Human Melee Animations/AnimatorControllers/Female/Polearm/HumanF@Run_Forward - Polearm.overrideController using Guid(99b5d57ce69490a4289aaba337fb6784) Importer(2089858483,b0f066a214c2f5e87bad3c948f4d605d) (ScriptedImporter) -> (artifact id: '906e0e02e2bab874a7e254668f676292') in 0.0089945 seconds
Number of updated asset objects reloaded before import = 0Number of asset objects unloaded after import = 11

========================================================================
Received Import Request.
  Time since last request: 0.437356 seconds.
  path: Assets/Game/AI/Human Animations/Unity Demo Scenes/Human Melee Animations/AnimatorControllers/Male/2H/HumanM@Run_Backward - 2H.controller
  artifactKey: Guid(69ce34bcce82b944ebc4c670514ef27c) Importer(2089858483,b0f066a214c2f5e87bad3c948f4d605d)
Start importing Assets/Game/AI/Human Animations/Unity Demo Scenes/Human Melee Animations/AnimatorControllers/Male/2H/HumanM@Run_Backward - 2H.controller using Guid(69ce34bcce82b944ebc4c670514ef27c) Importer(2089858483,b0f066a214c2f5e87bad3c948f4d605d) (ScriptedImporter) -> (artifact id: '4fc339ad5af2cd4f90aed52d06547f93') in 0.0063105 seconds
Number of updated asset objects reloaded before import = 0Number of asset objects unloaded after import = 8

========================================================================
Received Import Request.
  Time since last request: 0.439689 seconds.
  path: Assets/Game/Animations/NPC/Male/Movement/Run/HumanM@Run01_BackwardRight.fbx
  artifactKey: Guid(ca7bf50d255ff5749a3a9ff602076af8) Importer(2089858483,b0f066a214c2f5e87bad3c948f4d605d)
Start importing Assets/Game/Animations/NPC/Male/Movement/Run/HumanM@Run01_BackwardRight.fbx using Guid(ca7bf50d255ff5749a3a9ff602076af8) Importer(2089858483,b0f066a214c2f5e87bad3c948f4d605d) (ScriptedImporter) -> (artifact id: 'b6b225b4f4f2dcbe7d3cf16000777c44') in 0.0159294 seconds
Number of updated asset objects reloaded before import = 0Number of asset objects unloaded after import = 120

========================================================================
Received Import Request.
  Time since last request: 0.470397 seconds.
  path: Assets/Game/Animations/NPC/Male/Movement/Strafe/StrafeRun/RootMotion/HumanM@StrafeRun01_BackwardRight [RM].fbx
  artifactKey: Guid(32a619b04d843b1469dc3a0df13bc78d) Importer(2089858483,b0f066a214c2f5e87bad3c948f4d605d)
Start importing Assets/Game/Animations/NPC/Male/Movement/Strafe/StrafeRun/RootMotion/HumanM@StrafeRun01_BackwardRight [RM].fbx using Guid(32a619b04d843b1469dc3a0df13bc78d) Importer(2089858483,b0f066a214c2f5e87bad3c948f4d605d) (ScriptedImporter) -> (artifact id: 'be0752343b86acc902cd621a1049093e') in 0.017167 seconds
Number of updated asset objects reloaded before import = 0Number of asset objects unloaded after import = 120

========================================================================
Received Import Request.
  Time since last request: 0.000017 seconds.
  path: Assets/Game/AI/Human Animations/Unity Demo Scenes/Human Melee Animations/AnimatorControllers/Female/2H/HumanF@Combat Movement - 2H.overrideController
  artifactKey: Guid(ea1e881da3cbb6649991e09be0a94054) Importer(2089858483,b0f066a214c2f5e87bad3c948f4d605d)
Start importing Assets/Game/AI/Human Animations/Unity Demo Scenes/Human Melee Animations/AnimatorControllers/Female/2H/HumanF@Combat Movement - 2H.overrideController using Guid(ea1e881da3cbb6649991e09be0a94054) Importer(2089858483,b0f066a214c2f5e87bad3c948f4d605d) (ScriptedImporter) -> (artifact id: 'a0f7b7b2ad40dca8bbc634f369fce80d') in 0.0214428 seconds
Number of updated asset objects reloaded before import = 0Number of asset objects unloaded after import = 35

========================================================================
Received Import Request.
  Time since last request: 0.000021 seconds.
  path: Assets/Game/Animations/NPC/Male/Movement/Strafe/StrafeRun/HumanM@StrafeRun01_Right.fbx
  artifactKey: Guid(a333b7b43cbe387438f463c8b67a349c) Importer(2089858483,b0f066a214c2f5e87bad3c948f4d605d)
Start importing Assets/Game/Animations/NPC/Male/Movement/Strafe/StrafeRun/HumanM@StrafeRun01_Right.fbx using Guid(a333b7b43cbe387438f463c8b67a349c) Importer(2089858483,b0f066a214c2f5e87bad3c948f4d605d) (ScriptedImporter) -> (artifact id: '8df844653a69ff4c805779c6b50a8399') in 0.0150588 seconds
Number of updated asset objects reloaded before import = 0Number of asset objects unloaded after import = 120

========================================================================
Received Import Request.
  Time since last request: 0.000025 seconds.
  path: Assets/Game/AI/Human Animations/Unity Demo Scenes/Human Melee Animations/AnimatorControllers/Male/2H/HumanM@RunStrafe01_BackwardRight - 2H.controller
  artifactKey: Guid(2de1b2812f9db534a88df0250a92ebcb) Importer(2089858483,b0f066a214c2f5e87bad3c948f4d605d)
Start importing Assets/Game/AI/Human Animations/Unity Demo Scenes/Human Melee Animations/AnimatorControllers/Male/2H/HumanM@RunStrafe01_BackwardRight - 2H.controller using Guid(2de1b2812f9db534a88df0250a92ebcb) Importer(2089858483,b0f066a214c2f5e87bad3c948f4d605d) (ScriptedImporter) -> (artifact id: '6b01c4b2a80132f069a45b2854dc7b4b') in 0.0062227 seconds
Number of updated asset objects reloaded before import = 0Number of asset objects unloaded after import = 8

========================================================================
Received Import Request.
  Time since last request: 0.000142 seconds.
  path: Assets/Game/Animations/NPC/Female/Movement/Strafe/StrafeRun/RootMotion/HumanF@StrafeRun01_ForwardRight [RM].fbx
  artifactKey: Guid(78cf87d23cc6a1547af79ad81e510c5c) Importer(2089858483,b0f066a214c2f5e87bad3c948f4d605d)
Start importing Assets/Game/Animations/NPC/Female/Movement/Strafe/StrafeRun/RootMotion/HumanF@StrafeRun01_ForwardRight [RM].fbx using Guid(78cf87d23cc6a1547af79ad81e510c5c) Importer(2089858483,b0f066a214c2f5e87bad3c948f4d605d) (ScriptedImporter) -> (artifact id: '313239f4ed78730148d173d4914a9a3e') in 0.0229565 seconds
Number of updated asset objects reloaded before import = 0Number of asset objects unloaded after import = 120

========================================================================
Received Import Request.
  Time since last request: 0.000018 seconds.
  path: Assets/Game/AI/Human Animations/Unity Demo Scenes/Human Melee Animations/Models/Human_Sword.fbx
  artifactKey: Guid(d9cb89b0bc352ec4a8a17c56c39dbefb) Importer(2089858483,b0f066a214c2f5e87bad3c948f4d605d)
Start importing Assets/Game/AI/Human Animations/Unity Demo Scenes/Human Melee Animations/Models/Human_Sword.fbx using Guid(d9cb89b0bc352ec4a8a17c56c39dbefb) Importer(2089858483,b0f066a214c2f5e87bad3c948f4d605d) (ScriptedImporter) -> (artifact id: '6859545ffedca9f442988e680ece2e9a') in 0.0400397 seconds
Number of updated asset objects reloaded before import = 0Number of asset objects unloaded after import = 7

========================================================================
Received Import Request.
  Time since last request: 0.000017 seconds.
  path: Assets/Game/AI/Human Animations/Unity Demo Scenes/Human Melee Animations/AnimatorControllers/Male/Polearm/HumanM@RunStrafe01_ForwardRight - Polearm.controller
  artifactKey: Guid(82517993520f4db48952b2ecff30f5ef) Importer(2089858483,b0f066a214c2f5e87bad3c948f4d605d)
Start importing Assets/Game/AI/Human Animations/Unity Demo Scenes/Human Melee Animations/AnimatorControllers/Male/Polearm/HumanM@RunStrafe01_ForwardRight - Polearm.controller using Guid(82517993520f4db48952b2ecff30f5ef) Importer(2089858483,b0f066a214c2f5e87bad3c948f4d605d) (ScriptedImporter) -> (artifact id: '1074d656dacc77770f301f5b1debeb68') in 0.0063316 seconds
Number of updated asset objects reloaded before import = 0Number of asset objects unloaded after import = 8

========================================================================
Received Import Request.
  Time since last request: 0.000021 seconds.
  path: Assets/Game/AI/Human Animations/Unity Demo Scenes/Human Melee Animations/AnimatorControllers/Female/1H/HumanF@RunStrafe01_BackwardRight - 1H.overrideController
  artifactKey: Guid(2bd5f1f08d0707d438ed75a6e77ffdbb) Importer(2089858483,b0f066a214c2f5e87bad3c948f4d605d)
Start importing Assets/Game/AI/Human Animations/Unity Demo Scenes/Human Melee Animations/AnimatorControllers/Female/1H/HumanF@RunStrafe01_BackwardRight - 1H.overrideController using Guid(2bd5f1f08d0707d438ed75a6e77ffdbb) Importer(2089858483,b0f066a214c2f5e87bad3c948f4d605d) (ScriptedImporter) -> (artifact id: '1f02cd641917d0794ae18978b4861770') in 0.0065067 seconds
Number of updated asset objects reloaded before import = 0Number of asset objects unloaded after import = 6

========================================================================
Received Import Request.
  Time since last request: 0.000030 seconds.
  path: Assets/Game/AI/Human Animations/Unity Demo Scenes/Human Melee Animations/AnimatorControllers/Female/2H/HumanF@Run_Left - 2H.overrideController
  artifactKey: Guid(44f6aa9f2c704d54da8a88d0a04e1f92) Importer(2089858483,b0f066a214c2f5e87bad3c948f4d605d)
Start importing Assets/Game/AI/Human Animations/Unity Demo Scenes/Human Melee Animations/AnimatorControllers/Female/2H/HumanF@Run_Left - 2H.overrideController using Guid(44f6aa9f2c704d54da8a88d0a04e1f92) Importer(2089858483,b0f066a214c2f5e87bad3c948f4d605d) (ScriptedImporter) -> (artifact id: '71dfd9cc57aa00da2c94f6fb65f18521') in 0.0095177 seconds
Number of updated asset objects reloaded before import = 0Number of asset objects unloaded after import = 11

========================================================================
Received Import Request.
  Time since last request: 0.000021 seconds.
  path: Assets/Game/AI/Human Animations/Unity Demo Scenes/Human Melee Animations/AnimatorControllers/Male/1H/HumanM@RunStrafe01_BackwardLeft - 1H.controller
  artifactKey: Guid(72c21d2e64256ed48b41424cebb63cdd) Importer(2089858483,b0f066a214c2f5e87bad3c948f4d605d)
Start importing Assets/Game/AI/Human Animations/Unity Demo Scenes/Human Melee Animations/AnimatorControllers/Male/1H/HumanM@RunStrafe01_BackwardLeft - 1H.controller using Guid(72c21d2e64256ed48b41424cebb63cdd) Importer(2089858483,b0f066a214c2f5e87bad3c948f4d605d) (ScriptedImporter) -> (artifact id: 'a0858615e42a7c0c809138b9d0ed969c') in 0.0056512 seconds
Number of updated asset objects reloaded before import = 0Number of asset objects unloaded after import = 4

========================================================================
Received Import Request.
  Time since last request: 0.000018 seconds.
  path: Assets/Game/Animations/NPC/Female/Combat/Shield/HumanF@AttackShield01.fbx
  artifactKey: Guid(6683d02f31b83724daa4714c986bd1f5) Importer(2089858483,b0f066a214c2f5e87bad3c948f4d605d)
Start importing Assets/Game/Animations/NPC/Female/Combat/Shield/HumanF@AttackShield01.fbx using Guid(6683d02f31b83724daa4714c986bd1f5) Importer(2089858483,b0f066a214c2f5e87bad3c948f4d605d) (ScriptedImporter) -> (artifact id: 'e1fb86f6a81c1748f0244bd35a7f1f8d') in 0.0170672 seconds
Number of updated asset objects reloaded before import = 0Number of asset objects unloaded after import = 120

========================================================================
Received Import Request.
  Time since last request: 0.000017 seconds.
  path: Assets/Game/Animations/NPC/Male/Movement/Run/HumanM@Run01_Backward.fbx
  artifactKey: Guid(a8e6c7cf678a13541a726c2ae9ec00e3) Importer(2089858483,b0f066a214c2f5e87bad3c948f4d605d)
Start importing Assets/Game/Animations/NPC/Male/Movement/Run/HumanM@Run01_Backward.fbx using Guid(a8e6c7cf678a13541a726c2ae9ec00e3) Importer(2089858483,b0f066a214c2f5e87bad3c948f4d605d) (ScriptedImporter) -> (artifact id: '72e973f9299276af5f7be252bb8c0486') in 0.012895 seconds
Number of updated asset objects reloaded before import = 0Number of asset objects unloaded after import = 120

========================================================================
Received Import Request.
  Time since last request: 0.000022 seconds.
  path: Assets/Game/Animations/NPC/Male/Movement/Run/HumanM@Run01_Forward.fbx
  artifactKey: Guid(6deac83e30d8acd4cbb8c7d8a11545bd) Importer(2089858483,b0f066a214c2f5e87bad3c948f4d605d)
Start importing Assets/Game/Animations/NPC/Male/Movement/Run/HumanM@Run01_Forward.fbx using Guid(6deac83e30d8acd4cbb8c7d8a11545bd) Importer(2089858483,b0f066a214c2f5e87bad3c948f4d605d) (ScriptedImporter) -> (artifact id: '7493e14605479aeeb4a2d395fabb729b') in 0.0159464 seconds
Number of updated asset objects reloaded before import = 0Number of asset objects unloaded after import = 120

========================================================================
Received Import Request.
  Time since last request: 0.000021 seconds.
  path: Assets/Game/Animations/NPC/Female/Movement/Strafe/StrafeRun/RootMotion/HumanF@StrafeRun01_BackwardLeft [RM].fbx
  artifactKey: Guid(b86aceeff57b12b438369295745c6a06) Importer(2089858483,b0f066a214c2f5e87bad3c948f4d605d)
Start importing Assets/Game/Animations/NPC/Female/Movement/Strafe/StrafeRun/RootMotion/HumanF@StrafeRun01_BackwardLeft [RM].fbx using Guid(b86aceeff57b12b438369295745c6a06) Importer(2089858483,b0f066a214c2f5e87bad3c948f4d605d) (ScriptedImporter) -> (artifact id: 'b33561a5eb452176d6e8b3453b2e0e8b') in 0.0156984 seconds
Number of updated asset objects reloaded before import = 0Number of asset objects unloaded after import = 120

========================================================================
Received Import Request.
  Time since last request: 0.000017 seconds.
  path: Assets/Game/Animations/NPC/Female/Combat/HumanF@CombatIdle01.fbx
  artifactKey: Guid(6abe61edacb78c74489739f89ec126bc) Importer(2089858483,b0f066a214c2f5e87bad3c948f4d605d)
Start importing Assets/Game/Animations/NPC/Female/Combat/HumanF@CombatIdle01.fbx using Guid(6abe61edacb78c74489739f89ec126bc) Importer(2089858483,b0f066a214c2f5e87bad3c948f4d605d) (ScriptedImporter) -> (artifact id: 'fc6d6af8b352617772420c87fe0ca1fe') in 0.0222034 seconds
Number of updated asset objects reloaded before import = 0Number of asset objects unloaded after import = 120

========================================================================
Received Import Request.
  Time since last request: 0.000021 seconds.
  path: Assets/Game/Animations/NPC/Male/Combat/2H/HumanM@CombatIdle2H01.fbx
  artifactKey: Guid(ce335e3672a166b4294bc9de4004a190) Importer(2089858483,b0f066a214c2f5e87bad3c948f4d605d)
Start importing Assets/Game/Animations/NPC/Male/Combat/2H/HumanM@CombatIdle2H01.fbx using Guid(ce335e3672a166b4294bc9de4004a190) Importer(2089858483,b0f066a214c2f5e87bad3c948f4d605d) (ScriptedImporter) -> (artifact id: '9340549ebbb15f8ebc83a6fb017f03cd') in 0.0182075 seconds
Number of updated asset objects reloaded before import = 0Number of asset objects unloaded after import = 120

========================================================================
Received Import Request.
  Time since last request: 0.000026 seconds.
  path: Assets/Game/AI/Human Animations/Unity Demo Scenes/Human Melee Animations/AnimatorControllers/Male/2H/HumanM@Run_Forward - 2H.controller
  artifactKey: Guid(b481413f70b808c4dbb46c48522ae272) Importer(2089858483,b0f066a214c2f5e87bad3c948f4d605d)
Start importing Assets/Game/AI/Human Animations/Unity Demo Scenes/Human Melee Animations/AnimatorControllers/Male/2H/HumanM@Run_Forward - 2H.controller using Guid(b481413f70b808c4dbb46c48522ae272) Importer(2089858483,b0f066a214c2f5e87bad3c948f4d605d) (ScriptedImporter) -> (artifact id: '5ee0bde5d8bbf47cda459730578605fa') in 0.0071041 seconds
Number of updated asset objects reloaded before import = 0Number of asset objects unloaded after import = 8

========================================================================
Received Import Request.
  Time since last request: 0.000031 seconds.
  path: Assets/Game/AI/Human Animations/Models/Avatar Masks/Arms/Human Arm Right Mask.mask
  artifactKey: Guid(a1efc4df860a2fe4a8c3e44b28fd963e) Importer(2089858483,b0f066a214c2f5e87bad3c948f4d605d)
Start importing Assets/Game/AI/Human Animations/Models/Avatar Masks/Arms/Human Arm Right Mask.mask using Guid(a1efc4df860a2fe4a8c3e44b28fd963e) Importer(2089858483,b0f066a214c2f5e87bad3c948f4d605d) (ScriptedImporter) -> (artifact id: '8627fab56310217d0ac9177d1691fbef') in 0.0042595 seconds
Number of updated asset objects reloaded before import = 0Number of asset objects unloaded after import = 1

========================================================================
Received Import Request.
  Time since last request: 0.000019 seconds.
  path: Assets/Game/Animations/NPC/Male/Movement/Run/HumanM@Run01_ForwardRight.fbx
  artifactKey: Guid(152af2cd00aaae34e816ebb8deb4b68e) Importer(2089858483,b0f066a214c2f5e87bad3c948f4d605d)
Start importing Assets/Game/Animations/NPC/Male/Movement/Run/HumanM@Run01_ForwardRight.fbx using Guid(152af2cd00aaae34e816ebb8deb4b68e) Importer(2089858483,b0f066a214c2f5e87bad3c948f4d605d) (ScriptedImporter) -> (artifact id: '9115955f986f834c1ebd26f2cc4f906f') in 0.0148774 seconds
Number of updated asset objects reloaded before import = 0Number of asset objects unloaded after import = 120

========================================================================
Received Import Request.
  Time since last request: 0.000018 seconds.
  path: Assets/Game/AI/Human Animations/Models/Avatar Masks/Arms/Human Arms Mask.mask
  artifactKey: Guid(a6373b7536cc6fd4485ebc59e60dc4cc) Importer(2089858483,b0f066a214c2f5e87bad3c948f4d605d)
Start importing Assets/Game/AI/Human Animations/Models/Avatar Masks/Arms/Human Arms Mask.mask using Guid(a6373b7536cc6fd4485ebc59e60dc4cc) Importer(2089858483,b0f066a214c2f5e87bad3c948f4d605d) (ScriptedImporter) -> (artifact id: '52391561afcf610d80eb953482f97cf6') in 0.0041513 seconds
Number of updated asset objects reloaded before import = 0Number of asset objects unloaded after import = 1

========================================================================
Received Import Request.
  Time since last request: 0.000019 seconds.
  path: Assets/Game/AI/Human Animations/Unity Demo Scenes/Human Melee Animations/AnimatorControllers/Male/1H/HumanM@Combat - Sword and Shield.controller
  artifactKey: Guid(d4176e2452e42014e8781c3984967dfe) Importer(2089858483,b0f066a214c2f5e87bad3c948f4d605d)
Start importing Assets/Game/AI/Human Animations/Unity Demo Scenes/Human Melee Animations/AnimatorControllers/Male/1H/HumanM@Combat - Sword and Shield.controller using Guid(d4176e2452e42014e8781c3984967dfe) Importer(2089858483,b0f066a214c2f5e87bad3c948f4d605d) (ScriptedImporter) -> (artifact id: '019f7f95d127c1e2da11615224a6863b') in 0.0135008 seconds
Number of updated asset objects reloaded before import = 0Number of asset objects unloaded after import = 27

========================================================================
Received Import Request.
  Time since last request: 0.022736 seconds.
  path: Assets/Game/Animations/NPC/Male/Movement/Run/HumanM@Run01_ForwardLeft.fbx
  artifactKey: Guid(2d491dc6ab8cc5045919954fe2601203) Importer(2089858483,b0f066a214c2f5e87bad3c948f4d605d)
Start importing Assets/Game/Animations/NPC/Male/Movement/Run/HumanM@Run01_ForwardLeft.fbx using Guid(2d491dc6ab8cc5045919954fe2601203) Importer(2089858483,b0f066a214c2f5e87bad3c948f4d605d) (ScriptedImporter) -> (artifact id: 'a4ff36a4a0bccefef63ff5a2263711b3') in 0.0159402 seconds
Number of updated asset objects reloaded before import = 0Number of asset objects unloaded after import = 120

========================================================================
Received Import Request.
  Time since last request: 0.000018 seconds.
  path: Assets/Game/Animations/NPC/Female/Movement/Run/HumanF@Run01_BackwardRight.fbx
  artifactKey: Guid(1067eff693e77f143bc9982fef2aa0a1) Importer(2089858483,b0f066a214c2f5e87bad3c948f4d605d)
Start importing Assets/Game/Animations/NPC/Female/Movement/Run/HumanF@Run01_BackwardRight.fbx using Guid(1067eff693e77f143bc9982fef2aa0a1) Importer(2089858483,b0f066a214c2f5e87bad3c948f4d605d) (ScriptedImporter) -> (artifact id: '8f0b2e52f1bdab6df273aa9b05c84ba3') in 0.0138096 seconds
Number of updated asset objects reloaded before import = 0Number of asset objects unloaded after import = 120

========================================================================
Received Import Request.
  Time since last request: 0.367782 seconds.
  path: Assets/Game/Animations/NPC/Male/Movement/Run/RootMotion/HumanM@Run01_ForwardRight [RM].fbx
  artifactKey: Guid(7c23c3776f1ce0248aaa1fa0043581cd) Importer(2089858483,b0f066a214c2f5e87bad3c948f4d605d)
Start importing Assets/Game/Animations/NPC/Male/Movement/Run/RootMotion/HumanM@Run01_ForwardRight [RM].fbx using Guid(7c23c3776f1ce0248aaa1fa0043581cd) Importer(2089858483,b0f066a214c2f5e87bad3c948f4d605d) (ScriptedImporter) -> (artifact id: '285e3afd757bfd1dd05cbeb107e02842') in 0.0158587 seconds
Number of updated asset objects reloaded before import = 0Number of asset objects unloaded after import = 120

========================================================================
Received Import Request.
  Time since last request: 0.000018 seconds.
  path: Assets/Game/AI/Human Animations/Unity Demo Scenes/Human Melee Animations/Prefabs/Characters/HumanF_Dummy_Red - Sword and Shield.prefab
  artifactKey: Guid(36a7367749b505b4aa8c859a2ac7f933) Importer(2089858483,b0f066a214c2f5e87bad3c948f4d605d)
Start importing Assets/Game/AI/Human Animations/Unity Demo Scenes/Human Melee Animations/Prefabs/Characters/HumanF_Dummy_Red - Sword and Shield.prefab using Guid(36a7367749b505b4aa8c859a2ac7f933) Importer(2089858483,b0f066a214c2f5e87bad3c948f4d605d) (ScriptedImporter) -> (artifact id: '5f90eb65b9f790176b4c2918d95ec24c') in 0.0192215 seconds
Number of updated asset objects reloaded before import = 0Number of asset objects unloaded after import = 257

========================================================================
Received Import Request.
  Time since last request: 0.362539 seconds.
  path: Assets/Game/AI/Human Animations/Unity Demo Scenes/Human Melee Animations/AnimatorControllers/Male/2H/HumanM@Run_BackwardLeft - 2H.controller
  artifactKey: Guid(12ddb1488934bdd42a9cb2975da27544) Importer(2089858483,b0f066a214c2f5e87bad3c948f4d605d)
Start importing Assets/Game/AI/Human Animations/Unity Demo Scenes/Human Melee Animations/AnimatorControllers/Male/2H/HumanM@Run_BackwardLeft - 2H.controller using Guid(12ddb1488934bdd42a9cb2975da27544) Importer(2089858483,b0f066a214c2f5e87bad3c948f4d605d) (ScriptedImporter) -> (artifact id: '1322732247b4718e5c1f73da6699bb8a') in 0.0065566 seconds
Number of updated asset objects reloaded before import = 0Number of asset objects unloaded after import = 8

========================================================================
Received Import Request.
  Time since last request: 0.000019 seconds.
  path: Assets/Game/Animations/NPC/Male/Movement/Run/HumanM@Run01_Left.fbx
  artifactKey: Guid(9f9dbe8815370164d8a2214328af4f13) Importer(2089858483,b0f066a214c2f5e87bad3c948f4d605d)
Start importing Assets/Game/Animations/NPC/Male/Movement/Run/HumanM@Run01_Left.fbx using Guid(9f9dbe8815370164d8a2214328af4f13) Importer(2089858483,b0f066a214c2f5e87bad3c948f4d605d) (ScriptedImporter) -> (artifact id: '95982283634b3cb36a8b1b715d3062c8') in 0.0124608 seconds
Number of updated asset objects reloaded before import = 0Number of asset objects unloaded after import = 120

========================================================================
Received Import Request.
  Time since last request: 0.709089 seconds.
  path: Assets/Game/Animations/NPC/Male/Movement/Run/RootMotion
  artifactKey: Guid(5ca09be614981804ab3e7b144f0ac0fc) Importer(2089858483,b0f066a214c2f5e87bad3c948f4d605d)
Start importing Assets/Game/Animations/NPC/Male/Movement/Run/RootMotion using Guid(5ca09be614981804ab3e7b144f0ac0fc) Importer(2089858483,b0f066a214c2f5e87bad3c948f4d605d) (ScriptedImporter) -> (artifact id: '8f42c77e144156d10e0373f1b6ac9673') in 0.004542 seconds
Number of updated asset objects reloaded before import = 0Number of asset objects unloaded after import = 1

========================================================================
Received Import Request.
  Time since last request: 0.000017 seconds.
  path: Assets/Game/Animations/NPC/Male/Movement/Strafe/StrafeRun/HumanM@StrafeRun01_ForwardLeft.fbx
  artifactKey: Guid(dbeb1d30562b4094989acf0edc917d35) Importer(2089858483,b0f066a214c2f5e87bad3c948f4d605d)
Start importing Assets/Game/Animations/NPC/Male/Movement/Strafe/StrafeRun/HumanM@StrafeRun01_ForwardLeft.fbx using Guid(dbeb1d30562b4094989acf0edc917d35) Importer(2089858483,b0f066a214c2f5e87bad3c948f4d605d) (ScriptedImporter) -> (artifact id: '4f4943495534c50dc4f13e22d90b9434') in 0.0210272 seconds
Number of updated asset objects reloaded before import = 0Number of asset objects unloaded after import = 120

========================================================================
Received Import Request.
  Time since last request: 0.000058 seconds.
  path: Assets/Game/Animations/NPC/Female/Movement/Run/RootMotion
  artifactKey: Guid(b39622f85ed380b4fb82573a047b6899) Importer(2089858483,b0f066a214c2f5e87bad3c948f4d605d)
Start importing Assets/Game/Animations/NPC/Female/Movement/Run/RootMotion using Guid(b39622f85ed380b4fb82573a047b6899) Importer(2089858483,b0f066a214c2f5e87bad3c948f4d605d) (ScriptedImporter) -> (artifact id: '738cd86d88a81cc2d6ebb9ce79c85b0c') in 0.0035365 seconds
Number of updated asset objects reloaded before import = 0Number of asset objects unloaded after import = 1

========================================================================
Received Import Request.
  Time since last request: 0.000027 seconds.
  path: Assets/Game/Animations/NPC/Female/Combat/Polearm
  artifactKey: Guid(599d3bd6a6c705845acfd5bd677b9e2c) Importer(2089858483,b0f066a214c2f5e87bad3c948f4d605d)
Start importing Assets/Game/Animations/NPC/Female/Combat/Polearm using Guid(599d3bd6a6c705845acfd5bd677b9e2c) Importer(2089858483,b0f066a214c2f5e87bad3c948f4d605d) (ScriptedImporter) -> (artifact id: '8f14f6b5dd248c7820ef067222f86d33') in 0.0032347 seconds
Number of updated asset objects reloaded before import = 0Number of asset objects unloaded after import = 1

========================================================================
Received Import Request.
  Time since last request: 0.000020 seconds.
  path: Assets/Game/Animations/NPC/Masked Poses/HumanF@WeaponHoldPolearm01.fbx
  artifactKey: Guid(40f0c0342e006424190c3c65989cc8ed) Importer(2089858483,b0f066a214c2f5e87bad3c948f4d605d)
Start importing Assets/Game/Animations/NPC/Masked Poses/HumanF@WeaponHoldPolearm01.fbx using Guid(40f0c0342e006424190c3c65989cc8ed) Importer(2089858483,b0f066a214c2f5e87bad3c948f4d605d) (ScriptedImporter) -> (artifact id: '81c37d06ad22fe0f6f9a2960de3931dd') in 0.014131 seconds
Number of updated asset objects reloaded before import = 0Number of asset objects unloaded after import = 120

========================================================================
Received Import Request.
  Time since last request: 0.000019 seconds.
  path: Assets/Game/Animations/NPC/Male/Movement/Run/RootMotion/HumanM@Run01_Left [RM].fbx
  artifactKey: Guid(dd0055e79f0f8414f986f0dce8f01186) Importer(2089858483,b0f066a214c2f5e87bad3c948f4d605d)
Start importing Assets/Game/Animations/NPC/Male/Movement/Run/RootMotion/HumanM@Run01_Left [RM].fbx using Guid(dd0055e79f0f8414f986f0dce8f01186) Importer(2089858483,b0f066a214c2f5e87bad3c948f4d605d) (ScriptedImporter) -> (artifact id: 'bde3204ec93f62510227ad206283a211') in 0.0143267 seconds
Number of updated asset objects reloaded before import = 0Number of asset objects unloaded after import = 120

========================================================================
Received Import Request.
  Time since last request: 0.000019 seconds.
  path: Assets/Game/Animations/NPC/Female/Combat/1H/HumanF@Attack1H01_R.fbx
  artifactKey: Guid(408142c06e2d48c4db8065d1fbbcc8eb) Importer(2089858483,b0f066a214c2f5e87bad3c948f4d605d)
Start importing Assets/Game/Animations/NPC/Female/Combat/1H/HumanF@Attack1H01_R.fbx using Guid(408142c06e2d48c4db8065d1fbbcc8eb) Importer(2089858483,b0f066a214c2f5e87bad3c948f4d605d) (ScriptedImporter) -> (artifact id: '3ce67275f4a57c0973b1f2e471832866') in 0.0142249 seconds
Number of updated asset objects reloaded before import = 0Number of asset objects unloaded after import = 120

========================================================================
Received Import Request.
  Time since last request: 0.000021 seconds.
  path: Assets/Game/Animations/NPC/Male/Combat/Shield
  artifactKey: Guid(debcffbdece727340b29092bb9ff9faa) Importer(2089858483,b0f066a214c2f5e87bad3c948f4d605d)
Start importing Assets/Game/Animations/NPC/Male/Combat/Shield using Guid(debcffbdece727340b29092bb9ff9faa) Importer(2089858483,b0f066a214c2f5e87bad3c948f4d605d) (ScriptedImporter) -> (artifact id: 'b8e4370dbb6299441aed048b6914d812') in 0.0044083 seconds
Number of updated asset objects reloaded before import = 0Number of asset objects unloaded after import = 1

========================================================================
Received Import Request.
  Time since last request: 0.000026 seconds.
  path: Assets/Game/Animations/NPC/Male/Combat/1H
  artifactKey: Guid(37b49b67a73bfe44e8259e6413b3c965) Importer(2089858483,b0f066a214c2f5e87bad3c948f4d605d)
Start importing Assets/Game/Animations/NPC/Male/Combat/1H using Guid(37b49b67a73bfe44e8259e6413b3c965) Importer(2089858483,b0f066a214c2f5e87bad3c948f4d605d) (ScriptedImporter) -> (artifact id: '2515bed83616dc8f529a27dda74a8789') in 0.0032923 seconds
Number of updated asset objects reloaded before import = 0Number of asset objects unloaded after import = 1

========================================================================
Received Import Request.
  Time since last request: 0.000017 seconds.
  path: Assets/Game/Animations/NPC/Female/Combat/1H
  artifactKey: Guid(2a8871b9ab0ba0841b6bd3e47e267021) Importer(2089858483,b0f066a214c2f5e87bad3c948f4d605d)
Start importing Assets/Game/Animations/NPC/Female/Combat/1H using Guid(2a8871b9ab0ba0841b6bd3e47e267021) Importer(2089858483,b0f066a214c2f5e87bad3c948f4d605d) (ScriptedImporter) -> (artifact id: 'f127a6b3ca908f82c887c99c749ca692') in 0.003784 seconds
Number of updated asset objects reloaded before import = 0Number of asset objects unloaded after import = 1

========================================================================
Received Import Request.
  Time since last request: 0.000016 seconds.
  path: Assets/Game/Animations/NPC/Female/Combat
  artifactKey: Guid(c9d75aa1220dbf54ea1d38d28fb95489) Importer(2089858483,b0f066a214c2f5e87bad3c948f4d605d)
Start importing Assets/Game/Animations/NPC/Female/Combat using Guid(c9d75aa1220dbf54ea1d38d28fb95489) Importer(2089858483,b0f066a214c2f5e87bad3c948f4d605d) (ScriptedImporter) -> (artifact id: 'a292902d9279fe814b3ee1278fc31f13') in 0.0065613 seconds
Number of updated asset objects reloaded before import = 0Number of asset objects unloaded after import = 1

========================================================================
Received Import Request.
  Time since last request: 0.000016 seconds.
  path: Assets/World/Effects
  artifactKey: Guid(e237788e0f7af9d4db9a4e15d6b762ff) Importer(815301076,1909f56bfc062723c751e8b465ee728b)
Start importing Assets/World/Effects using Guid(e237788e0f7af9d4db9a4e15d6b762ff) Importer(815301076,1909f56bfc062723c751e8b465ee728b) (PreviewImporter) -> (artifact id: '090236f66fac5281d2ed205b76315679') in 0.0006019 seconds
Number of updated asset objects reloaded before import = 0Number of asset objects unloaded after import = 0

========================================================================
Received Import Request.
  Time since last request: 0.000024 seconds.
  path: Assets/Game/Animations/NPC/Female/Movement/Strafe/StrafeRun/RootMotion
  artifactKey: Guid(e0ddaa623de74874a9885f9faa8a9314) Importer(2089858483,b0f066a214c2f5e87bad3c948f4d605d)
Start importing Assets/Game/Animations/NPC/Female/Movement/Strafe/StrafeRun/RootMotion using Guid(e0ddaa623de74874a9885f9faa8a9314) Importer(2089858483,b0f066a214c2f5e87bad3c948f4d605d) (ScriptedImporter) -> (artifact id: '20d86b507a69e0b1f49725fc36bc5d7f') in 0.0036033 seconds
Number of updated asset objects reloaded before import = 0Number of asset objects unloaded after import = 1

========================================================================
Received Import Request.
  Time since last request: 10.029116 seconds.
  path: Assets/World/Environment/Models/Models
  artifactKey: Guid(7278ad681fe961a49a8889ba9f9d45df) Importer(2089858483,b0f066a214c2f5e87bad3c948f4d605d)
Start importing Assets/World/Environment/Models/Models using Guid(7278ad681fe961a49a8889ba9f9d45df) Importer(2089858483,b0f066a214c2f5e87bad3c948f4d605d) (ScriptedImporter) -> (artifact id: 'afe3e6ef2502b286662a9b3c3a7ef1b2') in 0.0064097 seconds
Number of updated asset objects reloaded before import = 0Number of asset objects unloaded after import = 1

========================================================================
Received Import Request.
  Time since last request: 0.000016 seconds.
  path: Assets/World/Environment/Models/Models/Avatar Masks/Hands/Human Hand Right Mask.mask
  artifactKey: Guid(742dda8cea256e347a5e36860b12ce91) Importer(2089858483,b0f066a214c2f5e87bad3c948f4d605d)
Start importing Assets/World/Environment/Models/Models/Avatar Masks/Hands/Human Hand Right Mask.mask using Guid(742dda8cea256e347a5e36860b12ce91) Importer(2089858483,b0f066a214c2f5e87bad3c948f4d605d) (ScriptedImporter) -> (artifact id: '6e6eb231e297f7f8ac2fd3f413c14ae8') in 0.0040353 seconds
Number of updated asset objects reloaded before import = 0Number of asset objects unloaded after import = 1

========================================================================
Received Import Request.
  Time since last request: 0.000029 seconds.
  path: Assets/World/Environment/Models/Models/HumanF_Model.fbx
  artifactKey: Guid(1841c298173cdad4db8df8602c8f1c8d) Importer(2089858483,b0f066a214c2f5e87bad3c948f4d605d)
Start importing Assets/World/Environment/Models/Models/HumanF_Model.fbx using Guid(1841c298173cdad4db8df8602c8f1c8d) Importer(2089858483,b0f066a214c2f5e87bad3c948f4d605d) (ScriptedImporter) -> (artifact id: '7f4d6a7a64e2ac190da3f6b6523ce710') in 0.0133943 seconds
Number of updated asset objects reloaded before import = 0Number of asset objects unloaded after import = 124

========================================================================
Received Import Request.
  Time since last request: 0.000032 seconds.
  path: Assets/World/Environment/Models/Models/Avatar Masks/Hands/Human Hand Left Mask.mask
  artifactKey: Guid(b7a9bc6acd2eaa941ab64d230864a316) Importer(2089858483,b0f066a214c2f5e87bad3c948f4d605d)
Start importing Assets/World/Environment/Models/Models/Avatar Masks/Hands/Human Hand Left Mask.mask using Guid(b7a9bc6acd2eaa941ab64d230864a316) Importer(2089858483,b0f066a214c2f5e87bad3c948f4d605d) (ScriptedImporter) -> (artifact id: 'd7cccf7c9b581058a53f4227a5ee6960') in 0.0038736 seconds
Number of updated asset objects reloaded before import = 0Number of asset objects unloaded after import = 1

========================================================================
Received Import Request.
  Time since last request: 2.642135 seconds.
  path: Assets/World/Environment/Models/NPC
  artifactKey: Guid(7278ad681fe961a49a8889ba9f9d45df) Importer(2089858483,b0f066a214c2f5e87bad3c948f4d605d)
Start importing Assets/World/Environment/Models/NPC using Guid(7278ad681fe961a49a8889ba9f9d45df) Importer(2089858483,b0f066a214c2f5e87bad3c948f4d605d) (ScriptedImporter) -> (artifact id: 'a285823c86f5bda1c5b5704d69431e96') in 0.1028224 seconds
Number of updated asset objects reloaded before import = 0Number of asset objects unloaded after import = 1

========================================================================
Received Import Request.
  Time since last request: 0.000022 seconds.
  path: Assets/World/Environment/Models/NPC/Avatar Masks/Hands/Human Hand Right Mask.mask
  artifactKey: Guid(742dda8cea256e347a5e36860b12ce91) Importer(2089858483,b0f066a214c2f5e87bad3c948f4d605d)
Start importing Assets/World/Environment/Models/NPC/Avatar Masks/Hands/Human Hand Right Mask.mask using Guid(742dda8cea256e347a5e36860b12ce91) Importer(2089858483,b0f066a214c2f5e87bad3c948f4d605d) (ScriptedImporter) -> (artifact id: '0822cd87f40437e8ad9a0c95a41e04d0') in 0.0037234 seconds
Number of updated asset objects reloaded before import = 0Number of asset objects unloaded after import = 1

========================================================================
Received Import Request.
  Time since last request: 0.000031 seconds.
  path: Assets/World/Environment/Models/NPC/HumanF_Model.fbx
  artifactKey: Guid(1841c298173cdad4db8df8602c8f1c8d) Importer(2089858483,b0f066a214c2f5e87bad3c948f4d605d)
Start importing Assets/World/Environment/Models/NPC/HumanF_Model.fbx using Guid(1841c298173cdad4db8df8602c8f1c8d) Importer(2089858483,b0f066a214c2f5e87bad3c948f4d605d) (ScriptedImporter) -> (artifact id: '636014447eb7597346f2e7a4adf45754') in 0.0140307 seconds
Number of updated asset objects reloaded before import = 0Number of asset objects unloaded after import = 124

========================================================================
Received Prepare
Shader 'WFX/Transparent Diffuse': fallback shader 'Particles/Alpha Blended' not found
Shader 'WFX/Transparent Specular': fallback shader 'Particles/Alpha Blended' not found
Refreshing native plugins compatible for Editor in 11.41 ms, found 2 plugins.
Preloading 0 native plugins for Editor in 0.00 ms.
Unloading 17 Unused Serialized files (Serialized files now loaded: 0)
Unloading 6055 unused Assets / (4.0 MB). Loaded Objects now: 6872.
Memory consumption went from 153.4 MB to 149.3 MB.
Total: 19.135500 ms (FindLiveObjects: 0.847100 ms CreateObjectMapping: 0.476100 ms MarkObjects: 15.614600 ms  DeleteObjects: 2.196500 ms)

Prepare: number of updated asset objects reloaded= 0
========================================================================
Received Import Request.
  Time since last request: 28.611077 seconds.
  path: Assets/Game/AIImport
  artifactKey: Guid(5b311a0ea5232d044af02625cf105576) Importer(815301076,1909f56bfc062723c751e8b465ee728b)
Start importing Assets/Game/AIImport using Guid(5b311a0ea5232d044af02625cf105576) Importer(815301076,1909f56bfc062723c751e8b465ee728b) (PreviewImporter) -> (artifact id: '8880304c59d88e887f566d5d0b65bbe9') in 0.0073906 seconds
Number of updated asset objects reloaded before import = 0Number of asset objects unloaded after import = 0

========================================================================
Received Import Request.
  Time since last request: 0.392449 seconds.
  path: Assets/Game/AIImport/Human Animations/Unity Demo Scenes
  artifactKey: Guid(85f0e47a261332e4fa451ebb323c8921) Importer(2089858483,b0f066a214c2f5e87bad3c948f4d605d)
Start importing Assets/Game/AIImport/Human Animations/Unity Demo Scenes using Guid(85f0e47a261332e4fa451ebb323c8921) Importer(2089858483,b0f066a214c2f5e87bad3c948f4d605d) (ScriptedImporter) -> (artifact id: '9af71e5c8218b134e1c5502c854a6202') in 0.0049112 seconds
Number of updated asset objects reloaded before import = 0Number of asset objects unloaded after import = 1

========================================================================
Received Import Request.
  Time since last request: 0.000017 seconds.
  path: Assets/Game/AIImport/Human Animations/Unity Demo Scenes/Human Melee Animations/AnimatorControllers/Male/1H
  artifactKey: Guid(a1896da8ed23ddb4190071d86aaf9279) Importer(2089858483,b0f066a214c2f5e87bad3c948f4d605d)
Start importing Assets/Game/AIImport/Human Animations/Unity Demo Scenes/Human Melee Animations/AnimatorControllers/Male/1H using Guid(a1896da8ed23ddb4190071d86aaf9279) Importer(2089858483,b0f066a214c2f5e87bad3c948f4d605d) (ScriptedImporter) -> (artifact id: '58a2f03460c6f50c5b3da9b42c39685e') in 0.0032282 seconds
Number of updated asset objects reloaded before import = 0Number of asset objects unloaded after import = 1

========================================================================
Received Import Request.
  Time since last request: 0.000019 seconds.
  path: Assets/Game/AIImport/Human Animations/Unity Demo Scenes/Human Melee Animations/AnimatorControllers/Female/1H/HumanF@Run_Right - 1H.overrideController
  artifactKey: Guid(8aedf445eec6b844aa475e2eafe79247) Importer(2089858483,b0f066a214c2f5e87bad3c948f4d605d)
Start importing Assets/Game/AIImport/Human Animations/Unity Demo Scenes/Human Melee Animations/AnimatorControllers/Female/1H/HumanF@Run_Right - 1H.overrideController using Guid(8aedf445eec6b844aa475e2eafe79247) Importer(2089858483,b0f066a214c2f5e87bad3c948f4d605d) (ScriptedImporter) -> (artifact id: '554e4cfe5f012ec1754cfd83ef0b55dd') in 0.007327 seconds
Number of updated asset objects reloaded before import = 0Number of asset objects unloaded after import = 6

========================================================================
Received Import Request.
  Time since last request: 0.000019 seconds.
  path: Assets/Game/AIImport/Human Animations/Unity Demo Scenes/Human Melee Animations/AnimatorControllers/Female
  artifactKey: Guid(879a90bd36e9372489d0e55efab96966) Importer(2089858483,b0f066a214c2f5e87bad3c948f4d605d)
Start importing Assets/Game/AIImport/Human Animations/Unity Demo Scenes/Human Melee Animations/AnimatorControllers/Female using Guid(879a90bd36e9372489d0e55efab96966) Importer(2089858483,b0f066a214c2f5e87bad3c948f4d605d) (ScriptedImporter) -> (artifact id: '4f4cfc12e7fadcd558eca5420833742f') in 0.0043283 seconds
Number of updated asset objects reloaded before import = 0Number of asset objects unloaded after import = 1

========================================================================
Received Import Request.
  Time since last request: 0.000030 seconds.
  path: Assets/Game/AIImport/Human Animations/Unity Demo Scenes/Human Melee Animations/AnimatorControllers/Female/1H/HumanF@Run_BackwardRight - 1H.overrideController
  artifactKey: Guid(236ab1d3a351b874996ae705ef97ff8b) Importer(2089858483,b0f066a214c2f5e87bad3c948f4d605d)
Start importing Assets/Game/AIImport/Human Animations/Unity Demo Scenes/Human Melee Animations/AnimatorControllers/Female/1H/HumanF@Run_BackwardRight - 1H.overrideController using Guid(236ab1d3a351b874996ae705ef97ff8b) Importer(2089858483,b0f066a214c2f5e87bad3c948f4d605d) (ScriptedImporter) -> (artifact id: 'fbd6a0f3e3dfcce214473bc9c907174c') in 0.0065553 seconds
Number of updated asset objects reloaded before import = 0Number of asset objects unloaded after import = 6

========================================================================
Received Import Request.
  Time since last request: 0.000019 seconds.
  path: Assets/Game/AIImport/Human Animations/Unity Demo Scenes/Human Melee Animations/AnimatorControllers/Male/1H/HumanM@Run_ForwardLeft - 1H.controller
  artifactKey: Guid(432277e674c908b41b6aa76b554920f7) Importer(2089858483,b0f066a214c2f5e87bad3c948f4d605d)
Start importing Assets/Game/AIImport/Human Animations/Unity Demo Scenes/Human Melee Animations/AnimatorControllers/Male/1H/HumanM@Run_ForwardLeft - 1H.controller using Guid(432277e674c908b41b6aa76b554920f7) Importer(2089858483,b0f066a214c2f5e87bad3c948f4d605d) (ScriptedImporter) -> (artifact id: '6d35bc6c329fe3b796246e931ba24949') in 0.0059833 seconds
Number of updated asset objects reloaded before import = 0Number of asset objects unloaded after import = 4

========================================================================
Received Import Request.
  Time since last request: 0.000020 seconds.
  path: Assets/Game/AIImport/Human Animations/Unity Demo Scenes/Human Melee Animations/AnimatorControllers
  artifactKey: Guid(5e4458a0f238f704cbfa09284a63a703) Importer(2089858483,b0f066a214c2f5e87bad3c948f4d605d)
Start importing Assets/Game/AIImport/Human Animations/Unity Demo Scenes/Human Melee Animations/AnimatorControllers using Guid(5e4458a0f238f704cbfa09284a63a703) Importer(2089858483,b0f066a214c2f5e87bad3c948f4d605d) (ScriptedImporter) -> (artifact id: 'a04280a4e8ac8b6effccd05e65682497') in 0.00578 seconds
Number of updated asset objects reloaded before import = 0Number of asset objects unloaded after import = 1

========================================================================
Received Import Request.
  Time since last request: 0.000019 seconds.
  path: Assets/Game/AIImport/Human Animations/Unity Demo Scenes/Human Melee Animations/AnimatorControllers/Female/Polearm/HumanF@Combat - Polearm.overrideController
  artifactKey: Guid(6a3c91662e1e56b47b06da725763f1ff) Importer(2089858483,b0f066a214c2f5e87bad3c948f4d605d)
Start importing Assets/Game/AIImport/Human Animations/Unity Demo Scenes/Human Melee Animations/AnimatorControllers/Female/Polearm/HumanF@Combat - Polearm.overrideController using Guid(6a3c91662e1e56b47b06da725763f1ff) Importer(2089858483,b0f066a214c2f5e87bad3c948f4d605d) (ScriptedImporter) -> (artifact id: 'cade814aa5c25b0d5eb407039d2d56e8') in 0.0189868 seconds
Number of updated asset objects reloaded before import = 0Number of asset objects unloaded after import = 31

========================================================================
Received Import Request.
  Time since last request: 0.000026 seconds.
  path: Assets/Game/AIImport/Human Animations/Unity Demo Scenes/Human Melee Animations/AnimatorControllers/Female/2H/HumanF@Run_ForwardLeft - 2H.overrideController
  artifactKey: Guid(fbaa7a0589b569f42a06605138527b92) Importer(2089858483,b0f066a214c2f5e87bad3c948f4d605d)
Start importing Assets/Game/AIImport/Human Animations/Unity Demo Scenes/Human Melee Animations/AnimatorControllers/Female/2H/HumanF@Run_ForwardLeft - 2H.overrideController using Guid(fbaa7a0589b569f42a06605138527b92) Importer(2089858483,b0f066a214c2f5e87bad3c948f4d605d) (ScriptedImporter) -> (artifact id: '7cd9b0647cbfb3560accd40a5bb31825') in 0.0095096 seconds
Number of updated asset objects reloaded before import = 0Number of asset objects unloaded after import = 11

========================================================================
Received Import Request.
  Time since last request: 0.000027 seconds.
  path: Assets/Game/AIImport/Human Animations/Unity Demo Scenes/Human Melee Animations/AnimatorControllers/Male/1H/HumanM@Run_ForwardRight - 1H.controller
  artifactKey: Guid(e202884cf8b711b49a5fce56a35edb74) Importer(2089858483,b0f066a214c2f5e87bad3c948f4d605d)
Start importing Assets/Game/AIImport/Human Animations/Unity Demo Scenes/Human Melee Animations/AnimatorControllers/Male/1H/HumanM@Run_ForwardRight - 1H.controller using Guid(e202884cf8b711b49a5fce56a35edb74) Importer(2089858483,b0f066a214c2f5e87bad3c948f4d605d) (ScriptedImporter) -> (artifact id: 'e1e79f4c864f21c68d5e87a04d2ca6f9') in 0.0053747 seconds
Number of updated asset objects reloaded before import = 0Number of asset objects unloaded after import = 4

========================================================================
Received Import Request.
  Time since last request: 0.000018 seconds.
  path: Assets/Game/AIImport/Human Animations/Unity Demo Scenes/Human Melee Animations/AnimatorControllers/Female/2H/HumanF@Combat Movement - 2H.overrideController
  artifactKey: Guid(ea1e881da3cbb6649991e09be0a94054) Importer(2089858483,b0f066a214c2f5e87bad3c948f4d605d)
Start importing Assets/Game/AIImport/Human Animations/Unity Demo Scenes/Human Melee Animations/AnimatorControllers/Female/2H/HumanF@Combat Movement - 2H.overrideController using Guid(ea1e881da3cbb6649991e09be0a94054) Importer(2089858483,b0f066a214c2f5e87bad3c948f4d605d) (ScriptedImporter) -> (artifact id: 'cfa9dcb35bc07a59c326b0309528f6ac') in 0.0203891 seconds
Number of updated asset objects reloaded before import = 0Number of asset objects unloaded after import = 35

========================================================================
Received Import Request.
  Time since last request: 0.000018 seconds.
  path: Assets/Game/AIImport/Human Animations/Unity Demo Scenes/Human Melee Animations/AnimatorControllers/Male/1H/HumanM@RunStrafe01_BackwardLeft - 1H.controller
  artifactKey: Guid(72c21d2e64256ed48b41424cebb63cdd) Importer(2089858483,b0f066a214c2f5e87bad3c948f4d605d)
Start importing Assets/Game/AIImport/Human Animations/Unity Demo Scenes/Human Melee Animations/AnimatorControllers/Male/1H/HumanM@RunStrafe01_BackwardLeft - 1H.controller using Guid(72c21d2e64256ed48b41424cebb63cdd) Importer(2089858483,b0f066a214c2f5e87bad3c948f4d605d) (ScriptedImporter) -> (artifact id: '9f2ef8faf8177fdd4d8ab3918a656a53') in 0.0050963 seconds
Number of updated asset objects reloaded before import = 0Number of asset objects unloaded after import = 4

========================================================================
Received Import Request.
  Time since last request: 0.000020 seconds.
  path: Assets/Game/AIImport/Human Animations/Unity Demo Scenes/Human Melee Animations/Prefabs/Weapons/Human_Greatsword.prefab
  artifactKey: Guid(9d82d845404be7e4396e77f2de5fd79f) Importer(2089858483,b0f066a214c2f5e87bad3c948f4d605d)
Start importing Assets/Game/AIImport/Human Animations/Unity Demo Scenes/Human Melee Animations/Prefabs/Weapons/Human_Greatsword.prefab using Guid(9d82d845404be7e4396e77f2de5fd79f) Importer(2089858483,b0f066a214c2f5e87bad3c948f4d605d) (ScriptedImporter) -> (artifact id: '37ecd40e73b3d346da2ce85b710219b3') in 0.010014 seconds
Number of updated asset objects reloaded before import = 0Number of asset objects unloaded after import = 14

========================================================================
Received Import Request.
  Time since last request: 0.000023 seconds.
  path: Assets/Game/AIImport/Human Animations/Unity Demo Scenes/Human Melee Animations/AnimatorControllers/Female/2H/HumanF@RunStrafe01_ForwardRight - 2H.overrideController
  artifactKey: Guid(0da82aabb5fb6084f91acb37790d6932) Importer(2089858483,b0f066a214c2f5e87bad3c948f4d605d)
Start importing Assets/Game/AIImport/Human Animations/Unity Demo Scenes/Human Melee Animations/AnimatorControllers/Female/2H/HumanF@RunStrafe01_ForwardRight - 2H.overrideController using Guid(0da82aabb5fb6084f91acb37790d6932) Importer(2089858483,b0f066a214c2f5e87bad3c948f4d605d) (ScriptedImporter) -> (artifact id: '19e77432c608a7e02a167cd9c0f9c04f') in 0.0103294 seconds
Number of updated asset objects reloaded before import = 0Number of asset objects unloaded after import = 11

========================================================================
Received Import Request.
  Time since last request: 0.000036 seconds.
  path: Assets/Game/AIImport/Human Animations/Unity Demo Scenes/Human Melee Animations/Human Melee Animations - Unity Demo Scene.unity
  artifactKey: Guid(ce3e69448e8bbb64fb69fb2bffb86b01) Importer(2089858483,b0f066a214c2f5e87bad3c948f4d605d)
Start importing Assets/Game/AIImport/Human Animations/Unity Demo Scenes/Human Melee Animations/Human Melee Animations - Unity Demo Scene.unity using Guid(ce3e69448e8bbb64fb69fb2bffb86b01) Importer(2089858483,b0f066a214c2f5e87bad3c948f4d605d) (ScriptedImporter) -> (artifact id: 'f68c626066a47aeb6e7511e4493de459') in 0.0214729 seconds
Number of updated asset objects reloaded before import = 0Number of asset objects unloaded after import = 1

========================================================================
Received Import Request.
  Time since last request: 0.000019 seconds.
  path: Assets/Game/AIImport/Human Animations/Unity Demo Scenes/Human Melee Animations/Prefabs/Characters/HumanM_Dummy_Red - Greatsword.prefab
  artifactKey: Guid(e625906aa3584f2438cf119f0cd401a9) Importer(2089858483,b0f066a214c2f5e87bad3c948f4d605d)
Start importing Assets/Game/AIImport/Human Animations/Unity Demo Scenes/Human Melee Animations/Prefabs/Characters/HumanM_Dummy_Red - Greatsword.prefab using Guid(e625906aa3584f2438cf119f0cd401a9) Importer(2089858483,b0f066a214c2f5e87bad3c948f4d605d) (ScriptedImporter) -> (artifact id: '359a3e161d4b11910e5a24585f244ed3') in 0.0202366 seconds
Number of updated asset objects reloaded before import = 0Number of asset objects unloaded after import = 252

========================================================================
Received Import Request.
  Time since last request: 0.000018 seconds.
  path: Assets/Game/AIImport/Human Animations/Unity Demo Scenes/Human Melee Animations/AnimatorControllers/Female/Polearm/HumanF@RunStrafe01_ForwardLeft - Polearm.overrideController
  artifactKey: Guid(aceff93f35e4f6c4abab5f8f7722b459) Importer(2089858483,b0f066a214c2f5e87bad3c948f4d605d)
Start importing Assets/Game/AIImport/Human Animations/Unity Demo Scenes/Human Melee Animations/AnimatorControllers/Female/Polearm/HumanF@RunStrafe01_ForwardLeft - Polearm.overrideController using Guid(aceff93f35e4f6c4abab5f8f7722b459) Importer(2089858483,b0f066a214c2f5e87bad3c948f4d605d) (ScriptedImporter) -> (artifact id: 'a620ba6ca6a0b959ac6d6f033760cf71') in 0.008927 seconds
Number of updated asset objects reloaded before import = 0Number of asset objects unloaded after import = 11

========================================================================
Received Import Request.
  Time since last request: 0.000019 seconds.
  path: Assets/Game/AIImport/Human Animations/Unity Demo Scenes/Human Melee Animations/Models/Human_Shield.fbx
  artifactKey: Guid(37bbf3ee136196443ac37bc729c52dba) Importer(2089858483,b0f066a214c2f5e87bad3c948f4d605d)
Start importing Assets/Game/AIImport/Human Animations/Unity Demo Scenes/Human Melee Animations/Models/Human_Shield.fbx using Guid(37bbf3ee136196443ac37bc729c52dba) Importer(2089858483,b0f066a214c2f5e87bad3c948f4d605d) (ScriptedImporter) -> (artifact id: 'df582ad40e42839f28110df7db33ef42') in 0.0117857 seconds
Number of updated asset objects reloaded before import = 0Number of asset objects unloaded after import = 7

========================================================================
Received Import Request.
  Time since last request: 0.000032 seconds.
  path: Assets/Game/AIImport
  artifactKey: Guid(5b311a0ea5232d044af02625cf105576) Importer(2089858483,b0f066a214c2f5e87bad3c948f4d605d)
Start importing Assets/Game/AIImport using Guid(5b311a0ea5232d044af02625cf105576) Importer(2089858483,b0f066a214c2f5e87bad3c948f4d605d) (ScriptedImporter) -> (artifact id: '90b72cb6f8fae0bed1547ddcabc8913c') in 0.0033061 seconds
Number of updated asset objects reloaded before import = 0Number of asset objects unloaded after import = 1

========================================================================
Received Import Request.
  Time since last request: 0.000028 seconds.
  path: Assets/Game/AIImport/Human Animations/Unity Demo Scenes/Human Melee Animations/Prefabs/Weapons
  artifactKey: Guid(994f84dc03e728c4fa14699aa99abb3a) Importer(2089858483,b0f066a214c2f5e87bad3c948f4d605d)
Start importing Assets/Game/AIImport/Human Animations/Unity Demo Scenes/Human Melee Animations/Prefabs/Weapons using Guid(994f84dc03e728c4fa14699aa99abb3a) Importer(2089858483,b0f066a214c2f5e87bad3c948f4d605d) (ScriptedImporter) -> (artifact id: '337a4ffcdca0bcbc26043ae04e1c74a0') in 0.0037267 seconds
Number of updated asset objects reloaded before import = 0Number of asset objects unloaded after import = 1

========================================================================
Received Import Request.
  Time since last request: 0.000020 seconds.
  path: Assets/Game/AIImport/Human Animations/Unity Demo Scenes/Human Melee Animations/Materials/HumanMeleeAnimations_Floor.mat
  artifactKey: Guid(8b55fd248dd5aa140a1142754a64dc18) Importer(2089858483,b0f066a214c2f5e87bad3c948f4d605d)
Start importing Assets/Game/AIImport/Human Animations/Unity Demo Scenes/Human Melee Animations/Materials/HumanMeleeAnimations_Floor.mat using Guid(8b55fd248dd5aa140a1142754a64dc18) Importer(2089858483,b0f066a214c2f5e87bad3c948f4d605d) (ScriptedImporter) -> (artifact id: 'ca70bf59fbd349f88ca823c306d7d2a7') in 0.0172961 seconds
Number of updated asset objects reloaded before import = 0Number of asset objects unloaded after import = 1

========================================================================
Received Import Request.
  Time since last request: 0.000020 seconds.
  path: Assets/Game/AIImport/Human Animations/Unity Demo Scenes/Human Melee Animations/AnimatorControllers/Male/Polearm/HumanM@RunStrafe01_BackwardLeft - Polearm.controller
  artifactKey: Guid(8196191029710a04b810f567576e1b07) Importer(2089858483,b0f066a214c2f5e87bad3c948f4d605d)
Start importing Assets/Game/AIImport/Human Animations/Unity Demo Scenes/Human Melee Animations/AnimatorControllers/Male/Polearm/HumanM@RunStrafe01_BackwardLeft - Polearm.controller using Guid(8196191029710a04b810f567576e1b07) Importer(2089858483,b0f066a214c2f5e87bad3c948f4d605d) (ScriptedImporter) -> (artifact id: '68d83da5b9268befc880973b43ba94db') in 0.0074413 seconds
Number of updated asset objects reloaded before import = 0Number of asset objects unloaded after import = 8

========================================================================
Received Import Request.
  Time since last request: 0.000020 seconds.
  path: Assets/Game/AIImport/Human Animations/Unity Demo Scenes/Human Melee Animations/AnimatorControllers/Female/Polearm/HumanF@RunStrafe01_ForwardRight - Polearm.overrideController
  artifactKey: Guid(1220f1443f943864fb600930e506ab13) Importer(2089858483,b0f066a214c2f5e87bad3c948f4d605d)
Start importing Assets/Game/AIImport/Human Animations/Unity Demo Scenes/Human Melee Animations/AnimatorControllers/Female/Polearm/HumanF@RunStrafe01_ForwardRight - Polearm.overrideController using Guid(1220f1443f943864fb600930e506ab13) Importer(2089858483,b0f066a214c2f5e87bad3c948f4d605d) (ScriptedImporter) -> (artifact id: '0770e146f8c5b15cfe2d9b075ad3e0c8') in 0.0112067 seconds
Number of updated asset objects reloaded before import = 0Number of asset objects unloaded after import = 11

========================================================================
Received Import Request.
  Time since last request: 0.000025 seconds.
  path: Assets/Game/AIImport/Human Animations/Scripts/SpineProxy.cs
  artifactKey: Guid(dd95fd526fbaddd4e96feb1b5b051f7f) Importer(2089858483,b0f066a214c2f5e87bad3c948f4d605d)
Start importing Assets/Game/AIImport/Human Animations/Scripts/SpineProxy.cs using Guid(dd95fd526fbaddd4e96feb1b5b051f7f) Importer(2089858483,b0f066a214c2f5e87bad3c948f4d605d) (ScriptedImporter) -> (artifact id: '7f37eb988ed5ebd8711d5fad27cd3e8d') in 0.0104529 seconds
Number of updated asset objects reloaded before import = 0Number of asset objects unloaded after import = 0

========================================================================
Received Prepare
Begin MonoManager ReloadAssembly
Symbol file LoadedFromMemory is not a mono symbol file
- Loaded All Assemblies, in  1.200 seconds
Refreshing native plugins compatible for Editor in 6.96 ms, found 2 plugins.
Native extension for WindowsStandalone target not found
[Package Manager] Failed to launch server process. Reason: Unity was launched with the -noUpm command-line argument
[Package Manager] Unable to send message (not connected to server process).
[Package Manager] Cannot connect to Unity Package Manager local server
Mono: successfully reloaded assembly
- Finished resetting the current domain, in  1.476 seconds
Domain Reload Profiling: 2673ms
	BeginReloadAssembly (299ms)
		ExecutionOrderSort (0ms)
		DisableScriptedObjects (11ms)
		BackupInstance (0ms)
		ReleaseScriptingObjects (0ms)
		CreateAndSetChildDomain (66ms)
	RebuildCommonClasses (48ms)
	RebuildNativeTypeToScriptingClass (19ms)
	initialDomainReloadingComplete (47ms)
	LoadAllAssembliesAndSetupDomain (783ms)
		LoadAssemblies (642ms)
		RebuildTransferFunctionScriptingTraits (0ms)
		AnalyzeDomain (288ms)
			TypeCache.Refresh (16ms)
				TypeCache.ScanAssembly (1ms)
			BuildScriptInfoCaches (252ms)
			ResolveRequiredComponents (14ms)
	FinalizeReload (1477ms)
		ReleaseScriptCaches (0ms)
		RebuildScriptCaches (0ms)
		SetupLoadedEditorAssemblies (1232ms)
			LogAssemblyErrors (0ms)
			InitializePlatformSupportModulesInManaged (2ms)
			SetLoadedEditorAssemblies (5ms)
			BeforeProcessingInitializeOnLoad (271ms)
			ProcessInitializeOnLoadAttributes (569ms)
			ProcessInitializeOnLoadMethodAttributes (370ms)
			AfterProcessingInitializeOnLoad (14ms)
			EditorAssembliesLoaded (0ms)
		ExecutionOrderSort2 (0ms)
		AwakeInstancesAfterBackupRestoration (27ms)
Shader 'WFX/Transparent Diffuse': fallback shader 'Particles/Alpha Blended' not found
Shader 'WFX/Transparent Specular': fallback shader 'Particles/Alpha Blended' not found
Refreshing native plugins compatible for Editor in 6.85 ms, found 2 plugins.
Preloading 0 native plugins for Editor in 0.00 ms.
Unloading 17 Unused Serialized files (Serialized files now loaded: 0)
Unloading 6088 unused Assets / (4.4 MB). Loaded Objects now: 6886.
Memory consumption went from 159.0 MB to 154.6 MB.
Total: 13.845100 ms (FindLiveObjects: 0.790800 ms CreateObjectMapping: 0.393100 ms MarkObjects: 10.596300 ms  DeleteObjects: 2.063300 ms)

Prepare: number of updated asset objects reloaded= 0
========================================================================
Received Import Request.
  Time since last request: 51.370551 seconds.
  path: Assets/Game/Animations/NPC/Male/Movement/Run/HumanM@Run01_Forward.fbx
  artifactKey: Guid(6deac83e30d8acd4cbb8c7d8a11545bd) Importer(815301076,1909f56bfc062723c751e8b465ee728b)
Start importing Assets/Game/Animations/NPC/Male/Movement/Run/HumanM@Run01_Forward.fbx using Guid(6deac83e30d8acd4cbb8c7d8a11545bd) Importer(815301076,1909f56bfc062723c751e8b465ee728b) (PreviewImporter) -> (artifact id: '6e2562278c21875895db9443870ef443') in 0.0605827 seconds
Number of updated asset objects reloaded before import = 0Number of asset objects unloaded after import = 119

========================================================================
Received Import Request.
  Time since last request: 0.000019 seconds.
  path: Assets/Game/Animations/NPC/Male/Movement/Run/HumanM@Run01_Right.fbx
  artifactKey: Guid(846fff649819bcf49b933d00ef6f703f) Importer(815301076,1909f56bfc062723c751e8b465ee728b)
Start importing Assets/Game/Animations/NPC/Male/Movement/Run/HumanM@Run01_Right.fbx using Guid(846fff649819bcf49b933d00ef6f703f) Importer(815301076,1909f56bfc062723c751e8b465ee728b) (PreviewImporter) -> (artifact id: '23590b235b07abca77e91ae631dad633') in 0.0047151 seconds
Number of updated asset objects reloaded before import = 0Number of asset objects unloaded after import = 119

========================================================================
Received Import Request.
  Time since last request: 84.516782 seconds.
  path: Assets/Game/AIImport/Human Animations/Unity Demo Scenes/Human Melee Animations/Prefabs/Characters
  artifactKey: Guid(4213fa0ae433fae4b82fa8b9d9103cf4) Importer(2089858483,b0f066a214c2f5e87bad3c948f4d605d)
Start importing Assets/Game/AIImport/Human Animations/Unity Demo Scenes/Human Melee Animations/Prefabs/Characters using Guid(4213fa0ae433fae4b82fa8b9d9103cf4) Importer(2089858483,b0f066a214c2f5e87bad3c948f4d605d) (ScriptedImporter) -> (artifact id: '48d3c7e2475816cc2b843896c9c7fcda') in 0.0699931 seconds
Number of updated asset objects reloaded before import = 0Number of asset objects unloaded after import = 1

========================================================================
Received Import Request.
  Time since last request: 0.000024 seconds.
  path: Assets/Game/AIImport/Human Animations/Unity Demo Scenes/Human Melee Animations/AnimatorControllers/Female/1H/HumanF@Combat - Sword and Shield.overrideController
  artifactKey: Guid(4eeef1c8ae428b7418881c959b070a97) Importer(2089858483,b0f066a214c2f5e87bad3c948f4d605d)
Start importing Assets/Game/AIImport/Human Animations/Unity Demo Scenes/Human Melee Animations/AnimatorControllers/Female/1H/HumanF@Combat - Sword and Shield.overrideController using Guid(4eeef1c8ae428b7418881c959b070a97) Importer(2089858483,b0f066a214c2f5e87bad3c948f4d605d) (ScriptedImporter) -> (artifact id: '8683eaa2d418e4183a39e177f67cfb9a') in 0.0678241 seconds
Number of updated asset objects reloaded before import = 0Number of asset objects unloaded after import = 35

========================================================================
Received Import Request.
  Time since last request: 0.000039 seconds.
  path: Assets/Game/AIImport/Human Animations/Unity Demo Scenes/Human Melee Animations/AnimatorControllers/Male/1H/HumanM@RunStrafe01_Left - 1H.controller
  artifactKey: Guid(dc8109a3d0d360c4a9319ef6e74665df) Importer(2089858483,b0f066a214c2f5e87bad3c948f4d605d)
Start importing Assets/Game/AIImport/Human Animations/Unity Demo Scenes/Human Melee Animations/AnimatorControllers/Male/1H/HumanM@RunStrafe01_Left - 1H.controller using Guid(dc8109a3d0d360c4a9319ef6e74665df) Importer(2089858483,b0f066a214c2f5e87bad3c948f4d605d) (ScriptedImporter) -> (artifact id: 'dc4a3f034716125eed808cf1f6df5b3e') in 0.0056478 seconds
Number of updated asset objects reloaded before import = 0Number of asset objects unloaded after import = 4

========================================================================
Received Import Request.
  Time since last request: 0.000021 seconds.
  path: Assets/Game/AIImport/Human Animations/Unity Demo Scenes/Human Melee Animations/Models/Human_Sword.fbx
  artifactKey: Guid(d9cb89b0bc352ec4a8a17c56c39dbefb) Importer(2089858483,b0f066a214c2f5e87bad3c948f4d605d)
Start importing Assets/Game/AIImport/Human Animations/Unity Demo Scenes/Human Melee Animations/Models/Human_Sword.fbx using Guid(d9cb89b0bc352ec4a8a17c56c39dbefb) Importer(2089858483,b0f066a214c2f5e87bad3c948f4d605d) (ScriptedImporter) -> (artifact id: 'c0115e968334b1ee3021ebe36b3be474') in 0.1506726 seconds
Number of updated asset objects reloaded before import = 0Number of asset objects unloaded after import = 7

========================================================================
Received Import Request.
  Time since last request: 0.000031 seconds.
  path: Assets/Game/AIImport/Human Animations/Unity Demo Scenes/Human Melee Animations/AnimatorControllers/Male/1H/HumanM@Combat Movement - Sword and Shield.controller
  artifactKey: Guid(633fcd5e32131e948a31a6b83c06ad1d) Importer(2089858483,b0f066a214c2f5e87bad3c948f4d605d)
Start importing Assets/Game/AIImport/Human Animations/Unity Demo Scenes/Human Melee Animations/AnimatorControllers/Male/1H/HumanM@Combat Movement - Sword and Shield.controller using Guid(633fcd5e32131e948a31a6b83c06ad1d) Importer(2089858483,b0f066a214c2f5e87bad3c948f4d605d) (ScriptedImporter) -> (artifact id: '452b732ccf9bf2832fe3011d799bf4bd') in 0.0300706 seconds
Number of updated asset objects reloaded before import = 0Number of asset objects unloaded after import = 30

========================================================================
Received Import Request.
  Time since last request: 0.000031 seconds.
  path: Assets/Game/AIImport/Human Animations/Unity Demo Scenes/Human Melee Animations/Prefabs/Characters/HumanM_Dummy_Red - Dual Wield.prefab
  artifactKey: Guid(a6c0ffbfdc555a2498daa513befe0bb3) Importer(2089858483,b0f066a214c2f5e87bad3c948f4d605d)
Start importing Assets/Game/AIImport/Human Animations/Unity Demo Scenes/Human Melee Animations/Prefabs/Characters/HumanM_Dummy_Red - Dual Wield.prefab using Guid(a6c0ffbfdc555a2498daa513befe0bb3) Importer(2089858483,b0f066a214c2f5e87bad3c948f4d605d) (ScriptedImporter) -> (artifact id: '69f7b8eb7e8da11d5c7625db2ec971fb') in 0.0305229 seconds
Number of updated asset objects reloaded before import = 0Number of asset objects unloaded after import = 265

========================================================================
Received Import Request.
  Time since last request: 0.000022 seconds.
  path: Assets/Game/AIImport/Human Animations/Unity Demo Scenes/Human Melee Animations/AnimatorControllers/Male/2H/HumanM@RunStrafe01_BackwardLeft - 2H.controller
  artifactKey: Guid(e0ac26c3c6d72cb4b94ec8e18ca3f1fb) Importer(2089858483,b0f066a214c2f5e87bad3c948f4d605d)
Start importing Assets/Game/AIImport/Human Animations/Unity Demo Scenes/Human Melee Animations/AnimatorControllers/Male/2H/HumanM@RunStrafe01_BackwardLeft - 2H.controller using Guid(e0ac26c3c6d72cb4b94ec8e18ca3f1fb) Importer(2089858483,b0f066a214c2f5e87bad3c948f4d605d) (ScriptedImporter) -> (artifact id: '93e4fa54ee223dab1ce94e0db03a0b69') in 0.0062313 seconds
Number of updated asset objects reloaded before import = 0Number of asset objects unloaded after import = 8

========================================================================
Received Import Request.
  Time since last request: 0.000018 seconds.
  path: Assets/Game/AIImport/Human Animations/Unity Demo Scenes/Human Melee Animations/AnimatorControllers/Female/2H/HumanF@RunStrafe01_ForwardLeft - 2H.overrideController
  artifactKey: Guid(b4dcd2fc1e9c70048a05bbca09c35c3f) Importer(2089858483,b0f066a214c2f5e87bad3c948f4d605d)
Start importing Assets/Game/AIImport/Human Animations/Unity Demo Scenes/Human Melee Animations/AnimatorControllers/Female/2H/HumanF@RunStrafe01_ForwardLeft - 2H.overrideController using Guid(b4dcd2fc1e9c70048a05bbca09c35c3f) Importer(2089858483,b0f066a214c2f5e87bad3c948f4d605d) (ScriptedImporter) -> (artifact id: '51e90686c70014c7cfa6118cff84914f') in 0.0096161 seconds
Number of updated asset objects reloaded before import = 0Number of asset objects unloaded after import = 11

========================================================================
Received Import Request.
  Time since last request: 0.000049 seconds.
  path: Assets/Game/AIImport/Human Animations/Unity Demo Scenes/Human Melee Animations/AnimatorControllers/Male/2H/HumanM@RunStrafe01_ForwardLeft - 2H.controller
  artifactKey: Guid(c596b3576d62094409962e79dccfcc0d) Importer(2089858483,b0f066a214c2f5e87bad3c948f4d605d)
Start importing Assets/Game/AIImport/Human Animations/Unity Demo Scenes/Human Melee Animations/AnimatorControllers/Male/2H/HumanM@RunStrafe01_ForwardLeft - 2H.controller using Guid(c596b3576d62094409962e79dccfcc0d) Importer(2089858483,b0f066a214c2f5e87bad3c948f4d605d) (ScriptedImporter) -> (artifact id: '912073c934d4282d26c463a4eb810c44') in 0.0166499 seconds
Number of updated asset objects reloaded before import = 0Number of asset objects unloaded after import = 8

========================================================================
Received Import Request.
  Time since last request: 0.000033 seconds.
  path: Assets/Game/AIImport/Human Animations/Unity Demo Scenes/Human Melee Animations/AnimatorControllers/Male/Polearm/HumanM@Run_BackwardRight - Polearm.controller
  artifactKey: Guid(88b5f4d62e8664544a855b0486ca7357) Importer(2089858483,b0f066a214c2f5e87bad3c948f4d605d)
Start importing Assets/Game/AIImport/Human Animations/Unity Demo Scenes/Human Melee Animations/AnimatorControllers/Male/Polearm/HumanM@Run_BackwardRight - Polearm.controller using Guid(88b5f4d62e8664544a855b0486ca7357) Importer(2089858483,b0f066a214c2f5e87bad3c948f4d605d) (ScriptedImporter) -> (artifact id: '0dbaf1e3bb6d41d7800af4eb8b19439b') in 0.006936 seconds
Number of updated asset objects reloaded before import = 0Number of asset objects unloaded after import = 8

========================================================================
Received Import Request.
  Time since last request: 0.000018 seconds.
  path: Assets/Game/AIImport/Human Animations/Unity Demo Scenes/Human Melee Animations/AnimatorControllers/Male/2H/HumanM@Run_BackwardLeft - 2H.controller
  artifactKey: Guid(12ddb1488934bdd42a9cb2975da27544) Importer(2089858483,b0f066a214c2f5e87bad3c948f4d605d)
Start importing Assets/Game/AIImport/Human Animations/Unity Demo Scenes/Human Melee Animations/AnimatorControllers/Male/2H/HumanM@Run_BackwardLeft - 2H.controller using Guid(12ddb1488934bdd42a9cb2975da27544) Importer(2089858483,b0f066a214c2f5e87bad3c948f4d605d) (ScriptedImporter) -> (artifact id: 'e3d8aa62c211b26fcad33561df00f19e') in 0.0064499 seconds
Number of updated asset objects reloaded before import = 0Number of asset objects unloaded after import = 8

========================================================================
Received Import Request.
  Time since last request: 0.000022 seconds.
  path: Assets/Game/AIImport/Human Animations/Unity Demo Scenes/Human Melee Animations/AnimatorControllers/Female/2H/HumanF@Run_Forward - 2H.overrideController
  artifactKey: Guid(8beea1dde22bee24aa9b7b6379c03a44) Importer(2089858483,b0f066a214c2f5e87bad3c948f4d605d)
Start importing Assets/Game/AIImport/Human Animations/Unity Demo Scenes/Human Melee Animations/AnimatorControllers/Female/2H/HumanF@Run_Forward - 2H.overrideController using Guid(8beea1dde22bee24aa9b7b6379c03a44) Importer(2089858483,b0f066a214c2f5e87bad3c948f4d605d) (ScriptedImporter) -> (artifact id: '5cdd5d5b967a0d194a6fbe069f49c5b6') in 0.0101798 seconds
Number of updated asset objects reloaded before import = 0Number of asset objects unloaded after import = 11

========================================================================
Received Import Request.
  Time since last request: 0.000022 seconds.
  path: Assets/Game/AIImport/Human Animations/Unity Demo Scenes/Human Melee Animations
  artifactKey: Guid(c401ced3e774fe2468cb211fb486eb15) Importer(2089858483,b0f066a214c2f5e87bad3c948f4d605d)
Start importing Assets/Game/AIImport/Human Animations/Unity Demo Scenes/Human Melee Animations using Guid(c401ced3e774fe2468cb211fb486eb15) Importer(2089858483,b0f066a214c2f5e87bad3c948f4d605d) (ScriptedImporter) -> (artifact id: 'c6e79ddedaf82a4fa8bf2f0e280f5e4d') in 0.0032725 seconds
Number of updated asset objects reloaded before import = 0Number of asset objects unloaded after import = 1

========================================================================
Received Import Request.
  Time since last request: 0.000031 seconds.
  path: Assets/Game/AIImport/Human Animations/Unity Demo Scenes/Human Melee Animations/Prefabs/Characters/HumanF_Dummy_Red - Sword and Shield.prefab
  artifactKey: Guid(36a7367749b505b4aa8c859a2ac7f933) Importer(2089858483,b0f066a214c2f5e87bad3c948f4d605d)
Start importing Assets/Game/AIImport/Human Animations/Unity Demo Scenes/Human Melee Animations/Prefabs/Characters/HumanF_Dummy_Red - Sword and Shield.prefab using Guid(36a7367749b505b4aa8c859a2ac7f933) Importer(2089858483,b0f066a214c2f5e87bad3c948f4d605d) (ScriptedImporter) -> (artifact id: '8be95203f622bc84e4313870a7725bb7') in 0.0176023 seconds
Number of updated asset objects reloaded before import = 0Number of asset objects unloaded after import = 257

========================================================================
Received Import Request.
  Time since last request: 0.000025 seconds.
  path: Assets/Game/AIImport/Human Animations/Unity Demo Scenes/Human Melee Animations/Models/Human_Greatsword.fbx
  artifactKey: Guid(a774989d24c2ed24ba4475823067ad82) Importer(2089858483,b0f066a214c2f5e87bad3c948f4d605d)
Start importing Assets/Game/AIImport/Human Animations/Unity Demo Scenes/Human Melee Animations/Models/Human_Greatsword.fbx using Guid(a774989d24c2ed24ba4475823067ad82) Importer(2089858483,b0f066a214c2f5e87bad3c948f4d605d) (ScriptedImporter) -> (artifact id: 'a953975b4a0628823c73590262e4e769') in 0.0188421 seconds
Number of updated asset objects reloaded before import = 0Number of asset objects unloaded after import = 7

========================================================================
Received Import Request.
  Time since last request: 0.000019 seconds.
  path: Assets/Game/AIImport/Human Animations/Unity Demo Scenes/Human Melee Animations/AnimatorControllers/Male
  artifactKey: Guid(c5bbf5d5947ba6243841d59f971f4fa7) Importer(2089858483,b0f066a214c2f5e87bad3c948f4d605d)
Start importing Assets/Game/AIImport/Human Animations/Unity Demo Scenes/Human Melee Animations/AnimatorControllers/Male using Guid(c5bbf5d5947ba6243841d59f971f4fa7) Importer(2089858483,b0f066a214c2f5e87bad3c948f4d605d) (ScriptedImporter) -> (artifact id: '05b340f473189a3a72c30408f1423f03') in 0.0033453 seconds
Number of updated asset objects reloaded before import = 0Number of asset objects unloaded after import = 1

========================================================================
Received Import Request.
  Time since last request: 0.000023 seconds.
  path: Assets/Game/AIImport/Human Animations/Unity Demo Scenes/Human Melee Animations/AnimatorControllers/Male/2H/HumanM@RunStrafe01_Right - 2H.controller
  artifactKey: Guid(fc847f42a5c1a2f4dbf34ef52c28a032) Importer(2089858483,b0f066a214c2f5e87bad3c948f4d605d)
Start importing Assets/Game/AIImport/Human Animations/Unity Demo Scenes/Human Melee Animations/AnimatorControllers/Male/2H/HumanM@RunStrafe01_Right - 2H.controller using Guid(fc847f42a5c1a2f4dbf34ef52c28a032) Importer(2089858483,b0f066a214c2f5e87bad3c948f4d605d) (ScriptedImporter) -> (artifact id: '7f45f9d859e494986c7386c2c454bc5f') in 0.0066873 seconds
Number of updated asset objects reloaded before import = 0Number of asset objects unloaded after import = 8

========================================================================
Received Import Request.
  Time since last request: 0.000029 seconds.
  path: Assets/Game/AIImport/Human Animations/Unity Demo Scenes/Human Melee Animations/AnimatorControllers/Male/1H/HumanM@RunStrafe01_Right - 1H.controller
  artifactKey: Guid(1a586091404530347a88477483e47a40) Importer(2089858483,b0f066a214c2f5e87bad3c948f4d605d)
Start importing Assets/Game/AIImport/Human Animations/Unity Demo Scenes/Human Melee Animations/AnimatorControllers/Male/1H/HumanM@RunStrafe01_Right - 1H.controller using Guid(1a586091404530347a88477483e47a40) Importer(2089858483,b0f066a214c2f5e87bad3c948f4d605d) (ScriptedImporter) -> (artifact id: 'ea5993f52c78eb9edff739e335b41338') in 0.0049794 seconds
Number of updated asset objects reloaded before import = 0Number of asset objects unloaded after import = 4

========================================================================
Received Import Request.
  Time since last request: 0.000018 seconds.
  path: Assets/Game/AIImport/Human Animations/Unity Demo Scenes/Human Melee Animations/AnimatorControllers/Female/1H/HumanF@RunStrafe01_BackwardRight - 1H.overrideController
  artifactKey: Guid(2bd5f1f08d0707d438ed75a6e77ffdbb) Importer(2089858483,b0f066a214c2f5e87bad3c948f4d605d)
Start importing Assets/Game/AIImport/Human Animations/Unity Demo Scenes/Human Melee Animations/AnimatorControllers/Female/1H/HumanF@RunStrafe01_BackwardRight - 1H.overrideController using Guid(2bd5f1f08d0707d438ed75a6e77ffdbb) Importer(2089858483,b0f066a214c2f5e87bad3c948f4d605d) (ScriptedImporter) -> (artifact id: '138f8216bb648230e00d35754dd1d0db') in 0.009841 seconds
Number of updated asset objects reloaded before import = 0Number of asset objects unloaded after import = 6

========================================================================
Received Import Request.
  Time since last request: 0.000020 seconds.
  path: Assets/Game/AIImport/Human Animations/Unity Demo Scenes/Human Melee Animations/AnimatorControllers/Female/1H/HumanF@Run_Forward - 1H.overrideController
  artifactKey: Guid(ff8ed1d425d839a4b90e152c06da931a) Importer(2089858483,b0f066a214c2f5e87bad3c948f4d605d)
Start importing Assets/Game/AIImport/Human Animations/Unity Demo Scenes/Human Melee Animations/AnimatorControllers/Female/1H/HumanF@Run_Forward - 1H.overrideController using Guid(ff8ed1d425d839a4b90e152c06da931a) Importer(2089858483,b0f066a214c2f5e87bad3c948f4d605d) (ScriptedImporter) -> (artifact id: '3d18df7bdbc36de65552a8babc4d2bc0') in 0.0106337 seconds
Number of updated asset objects reloaded before import = 0Number of asset objects unloaded after import = 6

========================================================================
Received Import Request.
  Time since last request: 0.000022 seconds.
  path: Assets/Game/AIImport/Human Animations/Textures/HumanAnimations_ColorPalette.png
  artifactKey: Guid(2c8e7f499d401414b8215275b03a4c66) Importer(2089858483,b0f066a214c2f5e87bad3c948f4d605d)
Start importing Assets/Game/AIImport/Human Animations/Textures/HumanAnimations_ColorPalette.png using Guid(2c8e7f499d401414b8215275b03a4c66) Importer(2089858483,b0f066a214c2f5e87bad3c948f4d605d) (ScriptedImporter) -> (artifact id: 'a444faa0f0690b450839b50b29685787') in 0.064398 seconds
Number of updated asset objects reloaded before import = 0Number of asset objects unloaded after import = 1

========================================================================
Received Import Request.
  Time since last request: 0.000029 seconds.
  path: Assets/Game/AIImport/Human Animations/Unity Demo Scenes/Human Melee Animations/Prefabs/Characters/HumanM_Dummy_Red.prefab
  artifactKey: Guid(b4deeecceffb78942b88322de05e1f7b) Importer(2089858483,b0f066a214c2f5e87bad3c948f4d605d)
Start importing Assets/Game/AIImport/Human Animations/Unity Demo Scenes/Human Melee Animations/Prefabs/Characters/HumanM_Dummy_Red.prefab using Guid(b4deeecceffb78942b88322de05e1f7b) Importer(2089858483,b0f066a214c2f5e87bad3c948f4d605d) (ScriptedImporter) -> (artifact id: '45aa016c406dd44027f935140949fd40') in 0.0126597 seconds
Number of updated asset objects reloaded before import = 0Number of asset objects unloaded after import = 247

========================================================================
Received Import Request.
  Time since last request: 0.000019 seconds.
  path: Assets/Game/AIImport/Human Animations/Unity Demo Scenes/Human Melee Animations/AnimatorControllers/Female/Polearm/HumanF@Run_ForwardLeft - Polearm.overrideController
  artifactKey: Guid(cf6677d24dbe87d47b3cef795fc90521) Importer(2089858483,b0f066a214c2f5e87bad3c948f4d605d)
Start importing Assets/Game/AIImport/Human Animations/Unity Demo Scenes/Human Melee Animations/AnimatorControllers/Female/Polearm/HumanF@Run_ForwardLeft - Polearm.overrideController using Guid(cf6677d24dbe87d47b3cef795fc90521) Importer(2089858483,b0f066a214c2f5e87bad3c948f4d605d) (ScriptedImporter) -> (artifact id: '7b1daddcc6ac8a5b2eb3a5ff6086849b') in 0.0097214 seconds
Number of updated asset objects reloaded before import = 0Number of asset objects unloaded after import = 11

========================================================================
Received Import Request.
  Time since last request: 0.000019 seconds.
  path: Assets/Game/AIImport/Human Animations/Unity Demo Scenes/Human Melee Animations/AnimatorControllers/Female/Polearm/HumanF@Run_Left - Polearm.overrideController
  artifactKey: Guid(8871abb45308b494fa18e17e9a814e3a) Importer(2089858483,b0f066a214c2f5e87bad3c948f4d605d)
Start importing Assets/Game/AIImport/Human Animations/Unity Demo Scenes/Human Melee Animations/AnimatorControllers/Female/Polearm/HumanF@Run_Left - Polearm.overrideController using Guid(8871abb45308b494fa18e17e9a814e3a) Importer(2089858483,b0f066a214c2f5e87bad3c948f4d605d) (ScriptedImporter) -> (artifact id: 'e419ee73dd4e78924fa915382c12a5e7') in 0.0087972 seconds
Number of updated asset objects reloaded before import = 0Number of asset objects unloaded after import = 11

========================================================================
Received Import Request.
  Time since last request: 0.000027 seconds.
  path: Assets/Game/AIImport/Human Animations/Unity Demo Scenes/Human Melee Animations/AnimatorControllers/Male/1H/HumanM@Combat - Sword and Shield.controller
  artifactKey: Guid(d4176e2452e42014e8781c3984967dfe) Importer(2089858483,b0f066a214c2f5e87bad3c948f4d605d)
Start importing Assets/Game/AIImport/Human Animations/Unity Demo Scenes/Human Melee Animations/AnimatorControllers/Male/1H/HumanM@Combat - Sword and Shield.controller using Guid(d4176e2452e42014e8781c3984967dfe) Importer(2089858483,b0f066a214c2f5e87bad3c948f4d605d) (ScriptedImporter) -> (artifact id: 'fc62d23507ba9acff53c6e94d8315b24') in 0.0132794 seconds
Number of updated asset objects reloaded before import = 0Number of asset objects unloaded after import = 27

========================================================================
Received Import Request.
  Time since last request: 0.000034 seconds.
  path: Assets/Game/AIImport/Human Animations/Unity Demo Scenes/Human Melee Animations/AnimatorControllers/Female/2H/HumanF@RunStrafe01_Left - 2H.overrideController
  artifactKey: Guid(985f39633574ed44ca4282741a3a2a98) Importer(2089858483,b0f066a214c2f5e87bad3c948f4d605d)
Start importing Assets/Game/AIImport/Human Animations/Unity Demo Scenes/Human Melee Animations/AnimatorControllers/Female/2H/HumanF@RunStrafe01_Left - 2H.overrideController using Guid(985f39633574ed44ca4282741a3a2a98) Importer(2089858483,b0f066a214c2f5e87bad3c948f4d605d) (ScriptedImporter) -> (artifact id: '122743c5145a8f2623e6366382b4e080') in 0.0085296 seconds
Number of updated asset objects reloaded before import = 0Number of asset objects unloaded after import = 11

Editor requested this worker to shutdown with reason: Scaling down because of idle timeout
AssetImportWorker is now disconnected from the server
Process exiting
Exiting without the bug reporter. Application will terminate with return code 0