
=== Thu Oct 26 21:41:01 2023

Packages were changed.
Update Mode: updateDependencies

The following packages were added:
  com.unity.2d.sprite@1.0.0
  com.unity.2d.tilemap@1.0.0
  com.unity.ads@3.7.5
  com.unity.analytics@3.6.12
  com.unity.ide.rider@3.0.15
  com.unity.ide.visualstudio@2.0.16
  com.unity.ide.vscode@1.2.5
  com.unity.modules.ai@1.0.0
  com.unity.modules.androidjni@1.0.0
  com.unity.modules.animation@1.0.0
  com.unity.modules.assetbundle@1.0.0
  com.unity.modules.audio@1.0.0
  com.unity.modules.cloth@1.0.0
  com.unity.modules.director@1.0.0
  com.unity.modules.imageconversion@1.0.0
  com.unity.modules.imgui@1.0.0
  com.unity.modules.jsonserialize@1.0.0
  com.unity.modules.particlesystem@1.0.0
  com.unity.modules.physics@1.0.0
  com.unity.modules.physics2d@1.0.0
  com.unity.modules.screencapture@1.0.0
  com.unity.modules.terrain@1.0.0
  com.unity.modules.terrainphysics@1.0.0
  com.unity.modules.tilemap@1.0.0
  com.unity.modules.ui@1.0.0
  com.unity.modules.uielements@1.0.0
  com.unity.modules.umbra@1.0.0
  com.unity.modules.unityanalytics@1.0.0
  com.unity.modules.unitywebrequest@1.0.0
  com.unity.modules.unitywebrequestassetbundle@1.0.0
  com.unity.modules.unitywebrequestaudio@1.0.0
  com.unity.modules.unitywebrequesttexture@1.0.0
  com.unity.modules.unitywebrequestwww@1.0.0
  com.unity.modules.vehicles@1.0.0
  com.unity.modules.video@1.0.0
  com.unity.modules.vr@1.0.0
  com.unity.modules.wind@1.0.0
  com.unity.modules.xr@1.0.0
  com.unity.purchasing@4.1.5
  com.unity.test-framework@1.1.31
  com.unity.xr.legacyinputhelpers@2.1.9
The following packages were updated:
  com.unity.cinemachine from version 2.8.4 to 2.8.6
  com.unity.collab-proxy from version 1.15.17 to 1.15.18
  com.unity.render-pipelines.universal from version 12.1.6 to 12.1.7

=== Sat Jan 10 14:16:15 2026

Packages were changed.
Update Mode: updateDependencies

The following packages were added:
  com.unity.modules.adaptiveperformance@1.0.0
  com.unity.modules.vectorgraphics@1.0.0
  com.unity.ai.navigation@2.0.9
  com.unity.modules.accessibility@1.0.0
  com.unity.multiplayer.center@1.0.1
The following packages were updated:
  com.unity.ads from version 3.7.5 to 4.16.4
  com.unity.analytics from version 3.6.12 to 3.8.2
  com.unity.cinemachine from version 2.8.6 to 2.10.5
  com.unity.collab-proxy from version 1.15.18 to 2.10.2
  com.unity.feature.development from version 1.0.1 to 1.0.2
  com.unity.ide.rider from version 3.0.15 to 3.0.38
  com.unity.ide.visualstudio from version 2.0.16 to 2.0.25
  com.unity.inputsystem from version 1.3.0 to 1.17.0
  com.unity.purchasing from version 4.1.5 to 4.14.0
  com.unity.render-pipelines.universal from version 12.1.7 to 17.3.0
  com.unity.test-framework from version 1.1.31 to 1.6.0
  com.unity.timeline from version 1.6.4 to 1.8.10
  com.unity.ugui from version 1.0.0 to 2.0.0
  com.unity.xr.legacyinputhelpers from version 2.1.9 to 2.1.13
The following packages were removed:
  com.unity.textmeshpro@3.0.6
